/Applications/MacVim.app/Contents/Resources/vim/runtime/autoload/python3complete.vim
/Applications/MacVim.app/Contents/Resources/vim/runtime/autoload/pythoncomplete.vim
/Applications/MacVim.app/Contents/Resources/vim/runtime/ftplugin/python.vim
/Applications/MacVim.app/Contents/Resources/vim/runtime/indent/python.vim
/Applications/MacVim.app/Contents/Resources/vim/runtime/syntax/python.vim
/Applications/PyCharm CE.app/Contents/helpers/pydev/pydevd_attach_to_process/dll/python.h
/Applications/PyCharm CE.app/Contents/helpers/pydev/pydevd_attach_to_process/linux/python.h
/Applications/PyCharm CE.app/Contents/helpers/python-skeletons
/Applications/PyCharm CE.app/Contents/helpers/tools/python_keywords
/Applications/PyCharm CE.app/Contents/plugins/python-rest
/Applications/PyCharm CE.app/Contents/plugins/python-rest/lib/python-rest.jar
/Applications/Xcode.app/Contents/Developer/Platforms/MacOSX.platform/Developer/SDKs/MacOSX.sdk/System/Library/Frameworks/Python.framework
/Applications/Xcode.app/Contents/Developer/Platforms/MacOSX.platform/Developer/SDKs/MacOSX.sdk/System/Library/Frameworks/Python.framework/Python.tbd
/Applications/Xcode.app/Contents/Developer/Platforms/MacOSX.platform/Developer/SDKs/MacOSX.sdk/System/Library/Frameworks/Python.framework/Versions/2.6/Extras/lib/python
/Applications/Xcode.app/Contents/Developer/Platforms/MacOSX.platform/Developer/SDKs/MacOSX.sdk/System/Library/Frameworks/Python.framework/Versions/2.6/include/python2.6
/Applications/Xcode.app/Contents/Developer/Platforms/MacOSX.platform/Developer/SDKs/MacOSX.sdk/System/Library/Frameworks/Python.framework/Versions/2.6/include/python2.6/Python-ast.h
/Applications/Xcode.app/Contents/Developer/Platforms/MacOSX.platform/Developer/SDKs/MacOSX.sdk/System/Library/Frameworks/Python.framework/Versions/2.6/include/python2.6/Python.h
/Applications/Xcode.app/Contents/Developer/Platforms/MacOSX.platform/Developer/SDKs/MacOSX.sdk/System/Library/Frameworks/Python.framework/Versions/2.6/include/python2.6/pythonrun.h
/Applications/Xcode.app/Contents/Developer/Platforms/MacOSX.platform/Developer/SDKs/MacOSX.sdk/System/Library/Frameworks/Python.framework/Versions/2.6/lib/python2.6
/Applications/Xcode.app/Contents/Developer/Platforms/MacOSX.platform/Developer/SDKs/MacOSX.sdk/System/Library/Frameworks/Python.framework/Versions/2.6/Python.tbd
/Applications/Xcode.app/Contents/Developer/Platforms/MacOSX.platform/Developer/SDKs/MacOSX.sdk/System/Library/Frameworks/Python.framework/Versions/2.7/Extras/lib/python
/Applications/Xcode.app/Contents/Developer/Platforms/MacOSX.platform/Developer/SDKs/MacOSX.sdk/System/Library/Frameworks/Python.framework/Versions/2.7/include/python2.7
/Applications/Xcode.app/Contents/Developer/Platforms/MacOSX.platform/Developer/SDKs/MacOSX.sdk/System/Library/Frameworks/Python.framework/Versions/2.7/include/python2.7/Python-ast.h
/Applications/Xcode.app/Contents/Developer/Platforms/MacOSX.platform/Developer/SDKs/MacOSX.sdk/System/Library/Frameworks/Python.framework/Versions/2.7/include/python2.7/Python.h
/Applications/Xcode.app/Contents/Developer/Platforms/MacOSX.platform/Developer/SDKs/MacOSX.sdk/System/Library/Frameworks/Python.framework/Versions/2.7/include/python2.7/pythonrun.h
/Applications/Xcode.app/Contents/Developer/Platforms/MacOSX.platform/Developer/SDKs/MacOSX.sdk/System/Library/Frameworks/Python.framework/Versions/2.7/lib/python2.7
/Applications/Xcode.app/Contents/Developer/Platforms/MacOSX.platform/Developer/SDKs/MacOSX.sdk/System/Library/Frameworks/Python.framework/Versions/2.7/Python.tbd
/Applications/Xcode.app/Contents/Developer/Platforms/MacOSX.platform/Developer/SDKs/MacOSX.sdk/usr/bin/python-config
/Applications/Xcode.app/Contents/Developer/Platforms/MacOSX.platform/Developer/SDKs/MacOSX.sdk/usr/include/python2.6
/Applications/Xcode.app/Contents/Developer/Platforms/MacOSX.platform/Developer/SDKs/MacOSX.sdk/usr/include/python2.7
/Applications/Xcode.app/Contents/Developer/Platforms/MacOSX.platform/Developer/SDKs/MacOSX.sdk/usr/lib/python2.6
/Applications/Xcode.app/Contents/Developer/Platforms/MacOSX.platform/Developer/SDKs/MacOSX.sdk/usr/lib/python2.7
/Applications/Xcode.app/Contents/Developer/Platforms/MacOSX.platform/Developer/SDKs/MacOSX.sdk/usr/share/man/man1/python.1
/Applications/Xcode.app/Contents/Developer/Platforms/MacOSX.platform/Developer/SDKs/MacOSX.sdk/usr/share/man/man1/python2.6.1
/Applications/Xcode.app/Contents/Developer/Platforms/MacOSX.platform/Developer/SDKs/MacOSX.sdk/usr/share/man/man1/python2.7.1
/Applications/Xcode.app/Contents/Developer/Platforms/MacOSX.platform/Developer/SDKs/MacOSX.sdk/usr/share/man/man1/pythonw.1
/Applications/Xcode.app/Contents/Developer/Platforms/MacOSX.platform/Developer/SDKs/MacOSX.sdk/usr/share/man/man1/pythonw2.6.1
/Applications/Xcode.app/Contents/Developer/Platforms/MacOSX.platform/Developer/SDKs/MacOSX.sdk/usr/share/man/man1/pythonw2.7.1
/Applications/Xcode.app/Contents/Developer/Toolchains/Swift_2.3.xctoolchain/System/Library/PrivateFrameworks/LLDB.framework/Versions/A/Resources/Python
/Applications/Xcode.app/Contents/Developer/Toolchains/XcodeDefault.xctoolchain/usr/lib/swift-migrator/sdks/MacOSX.sdk/System/Library/Frameworks/Python.framework
/Applications/Xcode.app/Contents/Developer/Toolchains/XcodeDefault.xctoolchain/usr/lib/swift-migrator/sdks/MacOSX.sdk/System/Library/Frameworks/Python.framework/Versions/2.6/Extras/lib/python
/Applications/Xcode.app/Contents/Developer/Toolchains/XcodeDefault.xctoolchain/usr/lib/swift-migrator/sdks/MacOSX.sdk/System/Library/Frameworks/Python.framework/Versions/2.6/include/python2.6
/Applications/Xcode.app/Contents/Developer/Toolchains/XcodeDefault.xctoolchain/usr/lib/swift-migrator/sdks/MacOSX.sdk/System/Library/Frameworks/Python.framework/Versions/2.6/include/python2.6/Python-ast.h
/Applications/Xcode.app/Contents/Developer/Toolchains/XcodeDefault.xctoolchain/usr/lib/swift-migrator/sdks/MacOSX.sdk/System/Library/Frameworks/Python.framework/Versions/2.6/include/python2.6/Python.h
/Applications/Xcode.app/Contents/Developer/Toolchains/XcodeDefault.xctoolchain/usr/lib/swift-migrator/sdks/MacOSX.sdk/System/Library/Frameworks/Python.framework/Versions/2.6/include/python2.6/pythonrun.h
/Applications/Xcode.app/Contents/Developer/Toolchains/XcodeDefault.xctoolchain/usr/lib/swift-migrator/sdks/MacOSX.sdk/System/Library/Frameworks/Python.framework/Versions/2.7/Extras/lib/python
/Applications/Xcode.app/Contents/Developer/Toolchains/XcodeDefault.xctoolchain/usr/lib/swift-migrator/sdks/MacOSX.sdk/System/Library/Frameworks/Python.framework/Versions/2.7/include/python2.7
/Applications/Xcode.app/Contents/Developer/Toolchains/XcodeDefault.xctoolchain/usr/lib/swift-migrator/sdks/MacOSX.sdk/System/Library/Frameworks/Python.framework/Versions/2.7/include/python2.7/Python-ast.h
/Applications/Xcode.app/Contents/Developer/Toolchains/XcodeDefault.xctoolchain/usr/lib/swift-migrator/sdks/MacOSX.sdk/System/Library/Frameworks/Python.framework/Versions/2.7/include/python2.7/Python.h
/Applications/Xcode.app/Contents/Developer/Toolchains/XcodeDefault.xctoolchain/usr/lib/swift-migrator/sdks/MacOSX.sdk/System/Library/Frameworks/Python.framework/Versions/2.7/include/python2.7/pythonrun.h
/Applications/Xcode.app/Contents/Developer/Toolchains/XcodeDefault.xctoolchain/usr/lib/swift-migrator/sdks/MacOSX.sdk/usr/include/python2.6
/Applications/Xcode.app/Contents/Developer/Toolchains/XcodeDefault.xctoolchain/usr/lib/swift-migrator/sdks/MacOSX.sdk/usr/include/python2.7
/Applications/Xcode.app/Contents/Developer/usr/share/headerdoc/Modules/HeaderDoc/PythonParse.pm
/Applications/Xcode.app/Contents/OtherFrameworks/XcodeEdit.framework/Versions/A/Resources/Python.xclangspec
/Applications/Xcode.app/Contents/SharedFrameworks/DVTFoundation.framework/Versions/A/Resources/Python.xclangspec
/Applications/Xcode.app/Contents/SharedFrameworks/LLDB.framework/Versions/A/Resources/Python
/Library/Developer/CommandLineTools/Library/PrivateFrameworks/LLDB.framework/Versions/A/Resources/Python
/Library/Developer/CommandLineTools/usr/share/headerdoc/Modules/HeaderDoc/PythonParse.pm
/Library/Frameworks/R.framework/Versions/3.2/Resources/library/BH/include/boost/mpi/python
/Library/Frameworks/R.framework/Versions/3.2/Resources/library/BH/include/boost/mpi/python.hpp
/Library/Frameworks/R.framework/Versions/3.2/Resources/library/BH/include/boost/python
/Library/Frameworks/R.framework/Versions/3.2/Resources/library/BH/include/boost/python/detail/python22_fixed.h
/Library/Frameworks/R.framework/Versions/3.2/Resources/library/BH/include/boost/python/detail/python_type.hpp
/Library/Frameworks/R.framework/Versions/3.2/Resources/library/BH/include/boost/python.hpp
/Library/Python
/opt/X11/lib/python2.6
/opt/X11/lib/X11/xedit/lisp/progmodes/python.lsp
/System/Library/Frameworks/Python.framework
/System/Library/Frameworks/Python.framework/Examples/PyObjC/2.5.1/AppKit/PyObjCLauncher/English.lproj/PythonCompiled.icns
/System/Library/Frameworks/Python.framework/Examples/PyObjC/2.5.1/AppKit/PyObjCLauncher/English.lproj/PythonInterpreter.icns
/System/Library/Frameworks/Python.framework/Examples/PyObjC/2.5.1/AppKit/PyObjCLauncher/English.lproj/PythonSource.icns
/System/Library/Frameworks/Python.framework/Examples/PyObjC/2.5.1/AppKit/PyObjCLauncher/English.lproj/PythonWSource.icns
/System/Library/Frameworks/Python.framework/Examples/PyObjC/2.5.1/AppKit/PythonBrowser
/System/Library/Frameworks/Python.framework/Examples/PyObjC/2.5.1/AppKit/PythonBrowser/PythonBrowser.nib
/System/Library/Frameworks/Python.framework/Examples/PyObjC/2.5.1/AppKit/PythonBrowser/PythonBrowser.py
/System/Library/Frameworks/Python.framework/Examples/PyObjC/2.5.1/AppKit/PythonBrowser/PythonBrowserModel.py
/System/Library/Frameworks/Python.framework/Examples/PyObjC/2.5.1/IEWebArchive/python-home.mht
/System/Library/Frameworks/Python.framework/Examples/PyObjC/2.5.1/Plugins/Python Address Label
/System/Library/Frameworks/Python.framework/Python
/System/Library/Frameworks/Python.framework/Versions/2.6/bin/python
/System/Library/Frameworks/Python.framework/Versions/2.6/bin/python-config
/System/Library/Frameworks/Python.framework/Versions/2.6/bin/python2.6
/System/Library/Frameworks/Python.framework/Versions/2.6/bin/python2.6-config
/System/Library/Frameworks/Python.framework/Versions/2.6/bin/pythonw
/System/Library/Frameworks/Python.framework/Versions/2.6/bin/pythonw2.6
/System/Library/Frameworks/Python.framework/Versions/2.6/Extras/lib/python
/System/Library/Frameworks/Python.framework/Versions/2.6/Extras/lib/python/python_dateutil-1.5-py2.6.egg-info
/System/Library/Frameworks/Python.framework/Versions/2.6/include/python2.6
/System/Library/Frameworks/Python.framework/Versions/2.6/include/python2.6/Python-ast.h
/System/Library/Frameworks/Python.framework/Versions/2.6/include/python2.6/Python.h
/System/Library/Frameworks/Python.framework/Versions/2.6/include/python2.6/pythonrun.h
/System/Library/Frameworks/Python.framework/Versions/2.6/lib/python2.6
/System/Library/Frameworks/Python.framework/Versions/2.6/lib/python2.6/config/python.o
/System/Library/Frameworks/Python.framework/Versions/2.6/lib/python2.6/idlelib/Icons/python.gif
/System/Library/Frameworks/Python.framework/Versions/2.6/lib/python2.6/lib-dynload/Python-2.6.9-py2.6.egg-info
/System/Library/Frameworks/Python.framework/Versions/2.6/Python
/System/Library/Frameworks/Python.framework/Versions/2.6/Resources/Python.app
/System/Library/Frameworks/Python.framework/Versions/2.6/Resources/Python.app/Contents/MacOS/Python
/System/Library/Frameworks/Python.framework/Versions/2.6/Resources/Python.app/Contents/Resources/English.lproj/Documentation/python.gif
/System/Library/Frameworks/Python.framework/Versions/2.6/Resources/Python.app/Contents/Resources/English.lproj/Documentation/pythonsmall.gif
/System/Library/Frameworks/Python.framework/Versions/2.6/Resources/Python.app/Contents/Resources/PythonApplet.icns
/System/Library/Frameworks/Python.framework/Versions/2.6/Resources/Python.app/Contents/Resources/PythonInterpreter.icns
/System/Library/Frameworks/Python.framework/Versions/2.7/bin/python
/System/Library/Frameworks/Python.framework/Versions/2.7/bin/python-config
/System/Library/Frameworks/Python.framework/Versions/2.7/bin/python2
/System/Library/Frameworks/Python.framework/Versions/2.7/bin/python2-config
/System/Library/Frameworks/Python.framework/Versions/2.7/bin/python2.7
/System/Library/Frameworks/Python.framework/Versions/2.7/bin/python2.7-config
/System/Library/Frameworks/Python.framework/Versions/2.7/bin/pythonw
/System/Library/Frameworks/Python.framework/Versions/2.7/bin/pythonw2
/System/Library/Frameworks/Python.framework/Versions/2.7/bin/pythonw2.7
/System/Library/Frameworks/Python.framework/Versions/2.7/Extras/lib/python
/System/Library/Frameworks/Python.framework/Versions/2.7/Extras/lib/python/python_dateutil-1.5-py2.7.egg-info
/System/Library/Frameworks/Python.framework/Versions/2.7/include/python2.7
/System/Library/Frameworks/Python.framework/Versions/2.7/include/python2.7/Python-ast.h
/System/Library/Frameworks/Python.framework/Versions/2.7/include/python2.7/Python.h
/System/Library/Frameworks/Python.framework/Versions/2.7/include/python2.7/pythonrun.h
/System/Library/Frameworks/Python.framework/Versions/2.7/lib/pkgconfig/python-2.7.pc
/System/Library/Frameworks/Python.framework/Versions/2.7/lib/pkgconfig/python.pc
/System/Library/Frameworks/Python.framework/Versions/2.7/lib/pkgconfig/python2.pc
/System/Library/Frameworks/Python.framework/Versions/2.7/lib/python2.7
/System/Library/Frameworks/Python.framework/Versions/2.7/lib/python2.7/config/python.o
/System/Library/Frameworks/Python.framework/Versions/2.7/lib/python2.7/idlelib/Icons/python.gif
/System/Library/Frameworks/Python.framework/Versions/2.7/lib/python2.7/lib-dynload/Python-2.7.10-py2.7.egg-info
/System/Library/Frameworks/Python.framework/Versions/2.7/lib/python2.7/test/imghdrdata/python.bmp
/System/Library/Frameworks/Python.framework/Versions/2.7/lib/python2.7/test/imghdrdata/python.gif
/System/Library/Frameworks/Python.framework/Versions/2.7/lib/python2.7/test/imghdrdata/python.jpg
/System/Library/Frameworks/Python.framework/Versions/2.7/lib/python2.7/test/imghdrdata/python.pbm
/System/Library/Frameworks/Python.framework/Versions/2.7/lib/python2.7/test/imghdrdata/python.pgm
/System/Library/Frameworks/Python.framework/Versions/2.7/lib/python2.7/test/imghdrdata/python.png
/System/Library/Frameworks/Python.framework/Versions/2.7/lib/python2.7/test/imghdrdata/python.ppm
/System/Library/Frameworks/Python.framework/Versions/2.7/lib/python2.7/test/imghdrdata/python.ras
/System/Library/Frameworks/Python.framework/Versions/2.7/lib/python2.7/test/imghdrdata/python.sgi
/System/Library/Frameworks/Python.framework/Versions/2.7/lib/python2.7/test/imghdrdata/python.tiff
/System/Library/Frameworks/Python.framework/Versions/2.7/lib/python2.7/test/imghdrdata/python.xbm
/System/Library/Frameworks/Python.framework/Versions/2.7/Python
/System/Library/Frameworks/Python.framework/Versions/2.7/Resources/BridgeSupport/Python.bridgesupport
/System/Library/Frameworks/Python.framework/Versions/2.7/Resources/Python.app
/System/Library/Frameworks/Python.framework/Versions/2.7/Resources/Python.app/Contents/MacOS/Python
/System/Library/Frameworks/Python.framework/Versions/2.7/Resources/Python.app/Contents/Resources/PythonApplet.icns
/System/Library/Frameworks/Python.framework/Versions/2.7/Resources/Python.app/Contents/Resources/PythonInterpreter.icns
/System/Library/Perl/Extras/5.16/darwin-thread-multi-2level/auto/Inline/Python
/System/Library/Perl/Extras/5.16/darwin-thread-multi-2level/auto/Inline/Python/Python.bs
/System/Library/Perl/Extras/5.16/darwin-thread-multi-2level/auto/Inline/Python/Python.bundle
/System/Library/Perl/Extras/5.16/darwin-thread-multi-2level/Inline/Python.pm
/System/Library/Perl/Extras/5.16/darwin-thread-multi-2level/Inline/Python.pod
/System/Library/Perl/Extras/5.18/darwin-thread-multi-2level/auto/Inline/Python
/System/Library/Perl/Extras/5.18/darwin-thread-multi-2level/auto/Inline/Python/Python.bs
/System/Library/Perl/Extras/5.18/darwin-thread-multi-2level/auto/Inline/Python/Python.bundle
/System/Library/Perl/Extras/5.18/darwin-thread-multi-2level/Inline/Python.pm
/System/Library/Perl/Extras/5.18/darwin-thread-multi-2level/Inline/Python.pod
/System/Library/PrivateFrameworks/JavaScriptAppleEvents.framework/Versions/A/Resources/BridgeSupportCache/Python.plist
/Users/katiequinn/.anaconda/navigator/images/python_logo.png
/Users/katiequinn/.Trash/Canopy.app/appdata/canopy-1.7.3.3335.macosx-x86_64/Canopy.app/Contents/bin/python
/Users/katiequinn/.Trash/Canopy.app/appdata/canopy-1.7.3.3335.macosx-x86_64/Canopy.app/Contents/bin/python-config
/Users/katiequinn/.Trash/Canopy.app/appdata/canopy-1.7.3.3335.macosx-x86_64/Canopy.app/Contents/bin/python2
/Users/katiequinn/.Trash/Canopy.app/appdata/canopy-1.7.3.3335.macosx-x86_64/Canopy.app/Contents/bin/python2-config
/Users/katiequinn/.Trash/Canopy.app/appdata/canopy-1.7.3.3335.macosx-x86_64/Canopy.app/Contents/bin/python2.7
/Users/katiequinn/.Trash/Canopy.app/appdata/canopy-1.7.3.3335.macosx-x86_64/Canopy.app/Contents/bin/python2.7-config
/Users/katiequinn/.Trash/Canopy.app/appdata/canopy-1.7.3.3335.macosx-x86_64/Canopy.app/Contents/bin/pythonb
/Users/katiequinn/.Trash/Canopy.app/appdata/canopy-1.7.3.3335.macosx-x86_64/Canopy.app/Contents/bin/pythonb2
/Users/katiequinn/.Trash/Canopy.app/appdata/canopy-1.7.3.3335.macosx-x86_64/Canopy.app/Contents/bin/pythonb2.7
/Users/katiequinn/.Trash/Canopy.app/appdata/canopy-1.7.3.3335.macosx-x86_64/Canopy.app/Contents/bin/pythonw
/Users/katiequinn/.Trash/Canopy.app/appdata/canopy-1.7.3.3335.macosx-x86_64/Canopy.app/Contents/bin/pythonw2
/Users/katiequinn/.Trash/Canopy.app/appdata/canopy-1.7.3.3335.macosx-x86_64/Canopy.app/Contents/bin/pythonw2.7
/Users/katiequinn/.Trash/Canopy.app/appdata/canopy-1.7.3.3335.macosx-x86_64/Canopy.app/Contents/include/python2.7
/Users/katiequinn/.Trash/Canopy.app/appdata/canopy-1.7.3.3335.macosx-x86_64/Canopy.app/Contents/include/python2.7/Python-ast.h
/Users/katiequinn/.Trash/Canopy.app/appdata/canopy-1.7.3.3335.macosx-x86_64/Canopy.app/Contents/include/python2.7/Python.h
/Users/katiequinn/.Trash/Canopy.app/appdata/canopy-1.7.3.3335.macosx-x86_64/Canopy.app/Contents/include/python2.7/pythonrun.h
/Users/katiequinn/.Trash/Canopy.app/appdata/canopy-1.7.3.3335.macosx-x86_64/Canopy.app/Contents/include/shiboken/python25compat.h
/Users/katiequinn/.Trash/Canopy.app/appdata/canopy-1.7.3.3335.macosx-x86_64/Canopy.app/Contents/lib/pkgconfig/python-2.7.pc
/Users/katiequinn/.Trash/Canopy.app/appdata/canopy-1.7.3.3335.macosx-x86_64/Canopy.app/Contents/lib/pkgconfig/python.pc
/Users/katiequinn/.Trash/Canopy.app/appdata/canopy-1.7.3.3335.macosx-x86_64/Canopy.app/Contents/lib/pkgconfig/python2.pc
/Users/katiequinn/.Trash/Canopy.app/appdata/canopy-1.7.3.3335.macosx-x86_64/Canopy.app/Contents/lib/python2.7
/Users/katiequinn/.Trash/Canopy.app/appdata/canopy-1.7.3.3335.macosx-x86_64/Canopy.app/Contents/lib/python2.7/config/python.o
/Users/katiequinn/.Trash/Canopy.app/appdata/canopy-1.7.3.3335.macosx-x86_64/Canopy.app/Contents/lib/python2.7/idlelib/Icons/python.gif
/Users/katiequinn/.Trash/Canopy.app/appdata/canopy-1.7.3.3335.macosx-x86_64/Canopy.app/Contents/lib/python2.7/lib-dynload/Python-2.7.11-py2.7.egg-info
/Users/katiequinn/.Trash/Canopy.app/appdata/canopy-1.7.3.3335.macosx-x86_64/Canopy.app/Contents/lib/python2.7/site-packages/apptools/help/help_plugin/action/images/python_run.png
/Users/katiequinn/.Trash/Canopy.app/appdata/canopy-1.7.3.3335.macosx-x86_64/Canopy.app/Contents/lib/python2.7/site-packages/apptools/type_manager/python_type_system.py
/Users/katiequinn/.Trash/Canopy.app/appdata/canopy-1.7.3.3335.macosx-x86_64/Canopy.app/Contents/lib/python2.7/site-packages/apptools/type_manager/python_type_system.pyc
/Users/katiequinn/.Trash/Canopy.app/appdata/canopy-1.7.3.3335.macosx-x86_64/Canopy.app/Contents/lib/python2.7/site-packages/canopy/code_editor/languages/python_helper.pyc
/Users/katiequinn/.Trash/Canopy.app/appdata/canopy-1.7.3.3335.macosx-x86_64/Canopy.app/Contents/lib/python2.7/site-packages/canopy/code_tools/python_code_helper.pyc
/Users/katiequinn/.Trash/Canopy.app/appdata/canopy-1.7.3.3335.macosx-x86_64/Canopy.app/Contents/lib/python2.7/site-packages/canopy/package_manager/ui/images/pkg_icons/python32.png
/Users/katiequinn/.Trash/Canopy.app/appdata/canopy-1.7.3.3335.macosx-x86_64/Canopy.app/Contents/lib/python2.7/site-packages/canopy/package_manager/ui/images/pkg_icons/python64.png
/Users/katiequinn/.Trash/Canopy.app/appdata/canopy-1.7.3.3335.macosx-x86_64/Canopy.app/Contents/lib/python2.7/site-packages/canopy/package_manager/ui/images/pkg_icons/python_sybase32.png
/Users/katiequinn/.Trash/Canopy.app/appdata/canopy-1.7.3.3335.macosx-x86_64/Canopy.app/Contents/lib/python2.7/site-packages/canopy/python_frontend
/Users/katiequinn/.Trash/Canopy.app/appdata/canopy-1.7.3.3335.macosx-x86_64/Canopy.app/Contents/lib/python2.7/site-packages/canopy/python_frontend/python_frontend_container_mixin.pyc
/Users/katiequinn/.Trash/Canopy.app/appdata/canopy-1.7.3.3335.macosx-x86_64/Canopy.app/Contents/lib/python2.7/site-packages/canopy/python_frontend/python_frontend_editor.pyc
/Users/katiequinn/.Trash/Canopy.app/appdata/canopy-1.7.3.3335.macosx-x86_64/Canopy.app/Contents/lib/python2.7/site-packages/canopy/python_frontend/python_frontend_pane.pyc
/Users/katiequinn/.Trash/Canopy.app/appdata/canopy-1.7.3.3335.macosx-x86_64/Canopy.app/Contents/lib/python2.7/site-packages/canopy/python_frontend/python_frontend_task.pyc
/Users/katiequinn/.Trash/Canopy.app/appdata/canopy-1.7.3.3335.macosx-x86_64/Canopy.app/Contents/lib/python2.7/site-packages/canopy/python_frontend/widget/python_frontend.pyc
/Users/katiequinn/.Trash/Canopy.app/appdata/canopy-1.7.3.3335.macosx-x86_64/Canopy.app/Contents/lib/python2.7/site-packages/canopy_platform/util/python.pyc
/Users/katiequinn/.Trash/Canopy.app/appdata/canopy-1.7.3.3335.macosx-x86_64/Canopy.app/Contents/lib/python2.7/site-packages/canopy_platform/util/python_environment.pyc
/Users/katiequinn/.Trash/Canopy.app/appdata/canopy-1.7.3.3335.macosx-x86_64/Canopy.app/Contents/lib/python2.7/site-packages/egginst/vendor/okonomiyaki/file_formats/_blacklist/python_tag.py
/Users/katiequinn/.Trash/Canopy.app/appdata/canopy-1.7.3.3335.macosx-x86_64/Canopy.app/Contents/lib/python2.7/site-packages/egginst/vendor/okonomiyaki/file_formats/_blacklist/python_tag.pyc
/Users/katiequinn/.Trash/Canopy.app/appdata/canopy-1.7.3.3335.macosx-x86_64/Canopy.app/Contents/lib/python2.7/site-packages/egginst/vendor/okonomiyaki/platforms/python_implementation.py
/Users/katiequinn/.Trash/Canopy.app/appdata/canopy-1.7.3.3335.macosx-x86_64/Canopy.app/Contents/lib/python2.7/site-packages/egginst/vendor/okonomiyaki/platforms/python_implementation.pyc
/Users/katiequinn/.Trash/Canopy.app/appdata/canopy-1.7.3.3335.macosx-x86_64/Canopy.app/Contents/lib/python2.7/site-packages/enapp/PythonApplet.icns
/Users/katiequinn/.Trash/Canopy.app/appdata/canopy-1.7.3.3335.macosx-x86_64/Canopy.app/Contents/lib/python2.7/site-packages/envisage/plugins/python_shell
/Users/katiequinn/.Trash/Canopy.app/appdata/canopy-1.7.3.3335.macosx-x86_64/Canopy.app/Contents/lib/python2.7/site-packages/envisage/plugins/python_shell/python_shell_plugin.py
/Users/katiequinn/.Trash/Canopy.app/appdata/canopy-1.7.3.3335.macosx-x86_64/Canopy.app/Contents/lib/python2.7/site-packages/envisage/plugins/python_shell/python_shell_plugin.pyc
/Users/katiequinn/.Trash/Canopy.app/appdata/canopy-1.7.3.3335.macosx-x86_64/Canopy.app/Contents/lib/python2.7/site-packages/envisage/plugins/python_shell/view/python_shell_view.py
/Users/katiequinn/.Trash/Canopy.app/appdata/canopy-1.7.3.3335.macosx-x86_64/Canopy.app/Contents/lib/python2.7/site-packages/envisage/plugins/python_shell/view/python_shell_view.pyc
/Users/katiequinn/.Trash/Canopy.app/appdata/canopy-1.7.3.3335.macosx-x86_64/Canopy.app/Contents/lib/python2.7/site-packages/envisage/plugins/remote_editor/editor_plugins/editra/images/python_run_16x16.png
/Users/katiequinn/.Trash/Canopy.app/appdata/canopy-1.7.3.3335.macosx-x86_64/Canopy.app/Contents/lib/python2.7/site-packages/envisage/plugins/remote_editor/editor_plugins/editra/images/python_run_24x24.png
/Users/katiequinn/.Trash/Canopy.app/appdata/canopy-1.7.3.3335.macosx-x86_64/Canopy.app/Contents/lib/python2.7/site-packages/envisage/plugins/remote_editor/editor_plugins/editra/images/python_run_32x32.png
/Users/katiequinn/.Trash/Canopy.app/appdata/canopy-1.7.3.3335.macosx-x86_64/Canopy.app/Contents/lib/python2.7/site-packages/envisage/plugins/remote_editor/editor_plugins/editra/images/python_run_48x48.png
/Users/katiequinn/.Trash/Canopy.app/appdata/canopy-1.7.3.3335.macosx-x86_64/Canopy.app/Contents/lib/python2.7/site-packages/envisage/plugins/remote_editor/editor_plugins/editra/images/python_runsel_16x16.png
/Users/katiequinn/.Trash/Canopy.app/appdata/canopy-1.7.3.3335.macosx-x86_64/Canopy.app/Contents/lib/python2.7/site-packages/envisage/plugins/remote_editor/editor_plugins/editra/images/python_runsel_24x24.png
/Users/katiequinn/.Trash/Canopy.app/appdata/canopy-1.7.3.3335.macosx-x86_64/Canopy.app/Contents/lib/python2.7/site-packages/envisage/plugins/remote_editor/editor_plugins/editra/images/python_runsel_32x32.png
/Users/katiequinn/.Trash/Canopy.app/appdata/canopy-1.7.3.3335.macosx-x86_64/Canopy.app/Contents/lib/python2.7/site-packages/envisage/plugins/remote_editor/editor_plugins/editra/images/python_runsel_48x48.png
/Users/katiequinn/.Trash/Canopy.app/appdata/canopy-1.7.3.3335.macosx-x86_64/Canopy.app/Contents/lib/python2.7/site-packages/envisage/plugins/tasks/python_shell_plugin.py
/Users/katiequinn/.Trash/Canopy.app/appdata/canopy-1.7.3.3335.macosx-x86_64/Canopy.app/Contents/lib/python2.7/site-packages/envisage/plugins/tasks/python_shell_plugin.pyc
/Users/katiequinn/.Trash/Canopy.app/appdata/canopy-1.7.3.3335.macosx-x86_64/Canopy.app/Contents/lib/python2.7/site-packages/numpy/lib/tests/data/python3.npy
/Users/katiequinn/.Trash/Canopy.app/appdata/canopy-1.7.3.3335.macosx-x86_64/Canopy.app/Contents/lib/python2.7/site-packages/okonomiyaki/file_formats/_blacklist/python_tag.py
/Users/katiequinn/.Trash/Canopy.app/appdata/canopy-1.7.3.3335.macosx-x86_64/Canopy.app/Contents/lib/python2.7/site-packages/okonomiyaki/file_formats/_blacklist/python_tag.pyc
/Users/katiequinn/.Trash/Canopy.app/appdata/canopy-1.7.3.3335.macosx-x86_64/Canopy.app/Contents/lib/python2.7/site-packages/okonomiyaki/platforms/python_implementation.py
/Users/katiequinn/.Trash/Canopy.app/appdata/canopy-1.7.3.3335.macosx-x86_64/Canopy.app/Contents/lib/python2.7/site-packages/okonomiyaki/platforms/python_implementation.pyc
/Users/katiequinn/.Trash/Canopy.app/appdata/canopy-1.7.3.3335.macosx-x86_64/Canopy.app/Contents/lib/python2.7/site-packages/pyface/python_editor.py
/Users/katiequinn/.Trash/Canopy.app/appdata/canopy-1.7.3.3335.macosx-x86_64/Canopy.app/Contents/lib/python2.7/site-packages/pyface/python_editor.pyc
/Users/katiequinn/.Trash/Canopy.app/appdata/canopy-1.7.3.3335.macosx-x86_64/Canopy.app/Contents/lib/python2.7/site-packages/pyface/python_shell.py
/Users/katiequinn/.Trash/Canopy.app/appdata/canopy-1.7.3.3335.macosx-x86_64/Canopy.app/Contents/lib/python2.7/site-packages/pyface/python_shell.pyc
/Users/katiequinn/.Trash/Canopy.app/appdata/canopy-1.7.3.3335.macosx-x86_64/Canopy.app/Contents/lib/python2.7/site-packages/pyface/tasks/contrib/python_shell.py
/Users/katiequinn/.Trash/Canopy.app/appdata/canopy-1.7.3.3335.macosx-x86_64/Canopy.app/Contents/lib/python2.7/site-packages/pyface/tasks/contrib/python_shell.pyc
/Users/katiequinn/.Trash/Canopy.app/appdata/canopy-1.7.3.3335.macosx-x86_64/Canopy.app/Contents/lib/python2.7/site-packages/pyface/tests/python_shell_script.py
/Users/katiequinn/.Trash/Canopy.app/appdata/canopy-1.7.3.3335.macosx-x86_64/Canopy.app/Contents/lib/python2.7/site-packages/pyface/tests/python_shell_script.pyc
/Users/katiequinn/.Trash/Canopy.app/appdata/canopy-1.7.3.3335.macosx-x86_64/Canopy.app/Contents/lib/python2.7/site-packages/pyface/ui/qt4/python_editor.py
/Users/katiequinn/.Trash/Canopy.app/appdata/canopy-1.7.3.3335.macosx-x86_64/Canopy.app/Contents/lib/python2.7/site-packages/pyface/ui/qt4/python_editor.pyc
/Users/katiequinn/.Trash/Canopy.app/appdata/canopy-1.7.3.3335.macosx-x86_64/Canopy.app/Contents/lib/python2.7/site-packages/pyface/ui/qt4/python_shell.py
/Users/katiequinn/.Trash/Canopy.app/appdata/canopy-1.7.3.3335.macosx-x86_64/Canopy.app/Contents/lib/python2.7/site-packages/pyface/ui/qt4/python_shell.pyc
/Users/katiequinn/.Trash/Canopy.app/appdata/canopy-1.7.3.3335.macosx-x86_64/Canopy.app/Contents/lib/python2.7/site-packages/pyface/ui/wx/python_editor.py
/Users/katiequinn/.Trash/Canopy.app/appdata/canopy-1.7.3.3335.macosx-x86_64/Canopy.app/Contents/lib/python2.7/site-packages/pyface/ui/wx/python_editor.pyc
/Users/katiequinn/.Trash/Canopy.app/appdata/canopy-1.7.3.3335.macosx-x86_64/Canopy.app/Contents/lib/python2.7/site-packages/pyface/ui/wx/python_shell.py
/Users/katiequinn/.Trash/Canopy.app/appdata/canopy-1.7.3.3335.macosx-x86_64/Canopy.app/Contents/lib/python2.7/site-packages/pyface/ui/wx/python_shell.pyc
/Users/katiequinn/.Trash/Canopy.app/appdata/canopy-1.7.3.3335.macosx-x86_64/Canopy.app/Contents/lib/python2.7/site-packages/pyface/util/python_stc.py
/Users/katiequinn/.Trash/Canopy.app/appdata/canopy-1.7.3.3335.macosx-x86_64/Canopy.app/Contents/lib/python2.7/site-packages/pyface/util/python_stc.pyc
/Users/katiequinn/.Trash/Canopy.app/appdata/canopy-1.7.3.3335.macosx-x86_64/Canopy.app/Contents/lib/python2.7/site-packages/pygments/lexers/python.py
/Users/katiequinn/.Trash/Canopy.app/appdata/canopy-1.7.3.3335.macosx-x86_64/Canopy.app/Contents/lib/python2.7/site-packages/pygments/lexers/python.pyc
/Users/katiequinn/.Trash/Canopy.app/appdata/canopy-1.7.3.3335.macosx-x86_64/Canopy.app/Contents/lib/python2.7/test/imghdrdata/python.bmp
/Users/katiequinn/.Trash/Canopy.app/appdata/canopy-1.7.3.3335.macosx-x86_64/Canopy.app/Contents/lib/python2.7/test/imghdrdata/python.gif
/Users/katiequinn/.Trash/Canopy.app/appdata/canopy-1.7.3.3335.macosx-x86_64/Canopy.app/Contents/lib/python2.7/test/imghdrdata/python.jpg
/Users/katiequinn/.Trash/Canopy.app/appdata/canopy-1.7.3.3335.macosx-x86_64/Canopy.app/Contents/lib/python2.7/test/imghdrdata/python.pbm
/Users/katiequinn/.Trash/Canopy.app/appdata/canopy-1.7.3.3335.macosx-x86_64/Canopy.app/Contents/lib/python2.7/test/imghdrdata/python.pgm
/Users/katiequinn/.Trash/Canopy.app/appdata/canopy-1.7.3.3335.macosx-x86_64/Canopy.app/Contents/lib/python2.7/test/imghdrdata/python.png
/Users/katiequinn/.Trash/Canopy.app/appdata/canopy-1.7.3.3335.macosx-x86_64/Canopy.app/Contents/lib/python2.7/test/imghdrdata/python.ppm
/Users/katiequinn/.Trash/Canopy.app/appdata/canopy-1.7.3.3335.macosx-x86_64/Canopy.app/Contents/lib/python2.7/test/imghdrdata/python.ras
/Users/katiequinn/.Trash/Canopy.app/appdata/canopy-1.7.3.3335.macosx-x86_64/Canopy.app/Contents/lib/python2.7/test/imghdrdata/python.sgi
/Users/katiequinn/.Trash/Canopy.app/appdata/canopy-1.7.3.3335.macosx-x86_64/Canopy.app/Contents/lib/python2.7/test/imghdrdata/python.tiff
/Users/katiequinn/.Trash/Canopy.app/appdata/canopy-1.7.3.3335.macosx-x86_64/Canopy.app/Contents/lib/python2.7/test/imghdrdata/python.xbm
/Users/katiequinn/.Trash/Canopy.app/appdata/canopy-1.7.3.3335.macosx-x86_64/Canopy.app/Contents/MacOS/python
/Users/katiequinn/.Trash/Canopy.app/appdata/canopy-1.7.3.3335.macosx-x86_64/Canopy.app/Contents/Python
/Users/katiequinn/.Trash/Canopy.app/appdata/canopy-1.7.3.3335.macosx-x86_64/Canopy.app/Contents/Resources/Python.app
/Users/katiequinn/.Trash/Canopy.app/appdata/canopy-1.7.3.3335.macosx-x86_64/Canopy.app/Contents/Resources/Python.app/Contents/MacOS/Python
/Users/katiequinn/.Trash/Canopy.app/appdata/canopy-1.7.3.3335.macosx-x86_64/Canopy.app/Contents/Resources/Python.app/Contents/Resources/PythonApplet.icns
/Users/katiequinn/.Trash/Canopy.app/appdata/canopy-1.7.3.3335.macosx-x86_64/Canopy.app/Contents/Resources/Python.app/Contents/Resources/PythonInterpreter.icns
/Users/katiequinn/.Trash/Canopy.app/appdata/canopy-1.7.3.3335.macosx-x86_64/Canopy.app/Contents/Resources/PythonApplet.icns
/Users/katiequinn/.Trash/Canopy.app/appdata/canopy-1.7.3.3335.macosx-x86_64/Canopy.app/Contents/Resources/PythonNoDock.app
/Users/katiequinn/.Trash/Canopy.app/appdata/canopy-1.7.3.3335.macosx-x86_64/Canopy.app/Contents/Resources/PythonNoDock.app/Contents/MacOS/Python
/Users/katiequinn/.Trash/Canopy.app/appdata/canopy-1.7.3.3335.macosx-x86_64/Canopy.app/Contents/Resources/PythonNoDock.app/Contents/Resources/PythonApplet.icns
/Users/katiequinn/.Trash/Canopy.app/appdata/canopy-1.7.3.3335.macosx-x86_64/Canopy.app/Contents/Resources/PythonNoDock.app/Contents/Resources/PythonInterpreter.icns
/Users/katiequinn/.Trash/Canopy.app/appdata/canopy-1.7.3.3335.macosx-x86_64/LOCAL-REPO/python_dateutil-2.5.2-1.egg
/Users/katiequinn/.Trash/Canopy.app/Contents/include/python2.7
/Users/katiequinn/.Trash/Canopy.app/Contents/include/python2.7/Python-ast.h
/Users/katiequinn/.Trash/Canopy.app/Contents/include/python2.7/Python.h
/Users/katiequinn/.Trash/Canopy.app/Contents/include/python2.7/pythonrun.h
/Users/katiequinn/.Trash/Canopy.app/Contents/include/shiboken/python25compat.h
/Users/katiequinn/.Trash/Canopy.app/Contents/lib/python2.7
/Users/katiequinn/.Trash/Canopy.app/Contents/lib/python2.7/config/python.o
/Users/katiequinn/.Trash/Canopy.app/Contents/Python
/Users/katiequinn/.Trash/Canopy.app/Contents/Resources/Python.app
/Users/katiequinn/.Trash/Canopy.app/Contents/Resources/Python.app/Contents/MacOS/Python
/Users/katiequinn/.Trash/Canopy.app/Contents/Resources/Python.app/Contents/Resources/PythonApplet.icns
/Users/katiequinn/.Trash/Canopy.app/Contents/Resources/Python.app/Contents/Resources/PythonInterpreter.icns
/Users/katiequinn/.Trash/Canopy.app/Contents/Resources/PythonApplet.icns
/Users/katiequinn/.Trash/Canopy.app/Contents/Resources/PythonNoDock.app
/Users/katiequinn/.Trash/Canopy.app/Contents/Resources/PythonNoDock.app/Contents/MacOS/Python
/Users/katiequinn/.Trash/Canopy.app/Contents/Resources/PythonNoDock.app/Contents/Resources/PythonApplet.icns
/Users/katiequinn/.Trash/Canopy.app/Contents/Resources/PythonNoDock.app/Contents/Resources/PythonInterpreter.icns
/Users/katiequinn/.Trash/MacVim (104).app/Contents/Resources/vim/runtime/autoload/python3complete.vim
/Users/katiequinn/.Trash/MacVim (104).app/Contents/Resources/vim/runtime/autoload/pythoncomplete.vim
/Users/katiequinn/.Trash/MacVim (104).app/Contents/Resources/vim/runtime/ftplugin/python.vim
/Users/katiequinn/.Trash/MacVim (104).app/Contents/Resources/vim/runtime/indent/python.vim
/Users/katiequinn/.Trash/MacVim (104).app/Contents/Resources/vim/runtime/syntax/python.vim
/Users/katiequinn/anaconda/bin/python
/Users/katiequinn/anaconda/bin/python-argcomplete-check-easy-install-script
/Users/katiequinn/anaconda/bin/python.app
/Users/katiequinn/anaconda/bin/python3
/Users/katiequinn/anaconda/bin/python3-config
/Users/katiequinn/anaconda/bin/python3.5
/Users/katiequinn/anaconda/bin/python3.5-config
/Users/katiequinn/anaconda/bin/python3.5m
/Users/katiequinn/anaconda/bin/python3.5m-config
/Users/katiequinn/anaconda/bin/pythonw
/Users/katiequinn/anaconda/conda-meta/python-3.5.1-0.json
/Users/katiequinn/anaconda/conda-meta/python-dateutil-2.5.1-py35_0.json
/Users/katiequinn/anaconda/conda-meta/python.app-1.2-py35_4.json
/Users/katiequinn/anaconda/Examples/bokeh/plotting/file/python_callback.py
/Users/katiequinn/anaconda/include/python3.5m
/Users/katiequinn/anaconda/include/python3.5m/Python-ast.h
/Users/katiequinn/anaconda/include/python3.5m/Python.h
/Users/katiequinn/anaconda/include/python3.5m/pythonrun.h
/Users/katiequinn/anaconda/lib/pkgconfig/python-3.5.pc
/Users/katiequinn/anaconda/lib/pkgconfig/python-3.5m.pc
/Users/katiequinn/anaconda/lib/pkgconfig/python3.pc
/Users/katiequinn/anaconda/lib/python3.5
/Users/katiequinn/anaconda/lib/python3.5/config-3.5m/python-config.py
/Users/katiequinn/anaconda/lib/python3.5/config-3.5m/python.o
/Users/katiequinn/anaconda/lib/python3.5/idlelib/Icons/python.gif
/Users/katiequinn/anaconda/lib/python3.5/site-packages/_pytest/__pycache__/python.cpython-35.pyc
/Users/katiequinn/anaconda/lib/python3.5/site-packages/_pytest/python.py
/Users/katiequinn/anaconda/lib/python3.5/site-packages/argcomplete/bash_completion.d/python-argcomplete.sh
/Users/katiequinn/anaconda/lib/python3.5/site-packages/argcomplete-1.0.0-py3.5.egg-info/scripts/python-argcomplete-check-easy-install-script
/Users/katiequinn/anaconda/lib/python3.5/site-packages/blaze/compute/__pycache__/python.cpython-35.pyc
/Users/katiequinn/anaconda/lib/python3.5/site-packages/blaze/compute/python.py
/Users/katiequinn/anaconda/lib/python3.5/site-packages/conda_manager/data/images/python.png
/Users/katiequinn/anaconda/lib/python3.5/site-packages/Cython/Includes/Deprecated/python.pxd
/Users/katiequinn/anaconda/lib/python3.5/site-packages/Cython/Includes/Deprecated/python2.5.pxd
/Users/katiequinn/anaconda/lib/python3.5/site-packages/Cython/Includes/Deprecated/python_bool.pxd
/Users/katiequinn/anaconda/lib/python3.5/site-packages/Cython/Includes/Deprecated/python_buffer.pxd
/Users/katiequinn/anaconda/lib/python3.5/site-packages/Cython/Includes/Deprecated/python_bytes.pxd
/Users/katiequinn/anaconda/lib/python3.5/site-packages/Cython/Includes/Deprecated/python_cobject.pxd
/Users/katiequinn/anaconda/lib/python3.5/site-packages/Cython/Includes/Deprecated/python_complex.pxd
/Users/katiequinn/anaconda/lib/python3.5/site-packages/Cython/Includes/Deprecated/python_dict.pxd
/Users/katiequinn/anaconda/lib/python3.5/site-packages/Cython/Includes/Deprecated/python_exc.pxd
/Users/katiequinn/anaconda/lib/python3.5/site-packages/Cython/Includes/Deprecated/python_float.pxd
/Users/katiequinn/anaconda/lib/python3.5/site-packages/Cython/Includes/Deprecated/python_function.pxd
/Users/katiequinn/anaconda/lib/python3.5/site-packages/Cython/Includes/Deprecated/python_getargs.pxd
/Users/katiequinn/anaconda/lib/python3.5/site-packages/Cython/Includes/Deprecated/python_instance.pxd
/Users/katiequinn/anaconda/lib/python3.5/site-packages/Cython/Includes/Deprecated/python_int.pxd
/Users/katiequinn/anaconda/lib/python3.5/site-packages/Cython/Includes/Deprecated/python_iterator.pxd
/Users/katiequinn/anaconda/lib/python3.5/site-packages/Cython/Includes/Deprecated/python_list.pxd
/Users/katiequinn/anaconda/lib/python3.5/site-packages/Cython/Includes/Deprecated/python_long.pxd
/Users/katiequinn/anaconda/lib/python3.5/site-packages/Cython/Includes/Deprecated/python_mapping.pxd
/Users/katiequinn/anaconda/lib/python3.5/site-packages/Cython/Includes/Deprecated/python_mem.pxd
/Users/katiequinn/anaconda/lib/python3.5/site-packages/Cython/Includes/Deprecated/python_method.pxd
/Users/katiequinn/anaconda/lib/python3.5/site-packages/Cython/Includes/Deprecated/python_module.pxd
/Users/katiequinn/anaconda/lib/python3.5/site-packages/Cython/Includes/Deprecated/python_number.pxd
/Users/katiequinn/anaconda/lib/python3.5/site-packages/Cython/Includes/Deprecated/python_object.pxd
/Users/katiequinn/anaconda/lib/python3.5/site-packages/Cython/Includes/Deprecated/python_oldbuffer.pxd
/Users/katiequinn/anaconda/lib/python3.5/site-packages/Cython/Includes/Deprecated/python_pycapsule.pxd
/Users/katiequinn/anaconda/lib/python3.5/site-packages/Cython/Includes/Deprecated/python_ref.pxd
/Users/katiequinn/anaconda/lib/python3.5/site-packages/Cython/Includes/Deprecated/python_sequence.pxd
/Users/katiequinn/anaconda/lib/python3.5/site-packages/Cython/Includes/Deprecated/python_set.pxd
/Users/katiequinn/anaconda/lib/python3.5/site-packages/Cython/Includes/Deprecated/python_string.pxd
/Users/katiequinn/anaconda/lib/python3.5/site-packages/Cython/Includes/Deprecated/python_tuple.pxd
/Users/katiequinn/anaconda/lib/python3.5/site-packages/Cython/Includes/Deprecated/python_type.pxd
/Users/katiequinn/anaconda/lib/python3.5/site-packages/Cython/Includes/Deprecated/python_unicode.pxd
/Users/katiequinn/anaconda/lib/python3.5/site-packages/Cython/Includes/Deprecated/python_version.pxd
/Users/katiequinn/anaconda/lib/python3.5/site-packages/Cython/Includes/Deprecated/python_weakref.pxd
/Users/katiequinn/anaconda/lib/python3.5/site-packages/nbconvert/exporters/__pycache__/python.cpython-35.pyc
/Users/katiequinn/anaconda/lib/python3.5/site-packages/nbconvert/exporters/python.py
/Users/katiequinn/anaconda/lib/python3.5/site-packages/nbconvert/preprocessors/tests/files/python.png
/Users/katiequinn/anaconda/lib/python3.5/site-packages/nbconvert/templates/python.tpl
/Users/katiequinn/anaconda/lib/python3.5/site-packages/notebook/static/components/codemirror/mode/python
/Users/katiequinn/anaconda/lib/python3.5/site-packages/notebook/static/components/codemirror/mode/python/python.js
/Users/katiequinn/anaconda/lib/python3.5/site-packages/numba/__pycache__/pythonapi.cpython-35.pyc
/Users/katiequinn/anaconda/lib/python3.5/site-packages/numba/pythonapi.py
/Users/katiequinn/anaconda/lib/python3.5/site-packages/numpy/lib/tests/data/python3.npy
/Users/katiequinn/anaconda/lib/python3.5/site-packages/partd/__pycache__/python.cpython-35.pyc
/Users/katiequinn/anaconda/lib/python3.5/site-packages/partd/python.py
/Users/katiequinn/anaconda/lib/python3.5/site-packages/pygments/lexers/__pycache__/python.cpython-35.pyc
/Users/katiequinn/anaconda/lib/python3.5/site-packages/pygments/lexers/python.py
/Users/katiequinn/anaconda/lib/python3.5/site-packages/python_dateutil-2.5.1-py3.5.egg-info
/Users/katiequinn/anaconda/lib/python3.5/site-packages/Sphinx-1.3.5-py3.5.egg/sphinx/domains/__pycache__/python.cpython-35.pyc
/Users/katiequinn/anaconda/lib/python3.5/site-packages/Sphinx-1.3.5-py3.5.egg/sphinx/domains/python.py
/Users/katiequinn/anaconda/lib/python3.5/site-packages/Sphinx-1.3.5-py3.5.egg/sphinx/texinputs/python.ist
/Users/katiequinn/anaconda/lib/python3.5/site-packages/spyderlib/images/console/python.png
/Users/katiequinn/anaconda/lib/python3.5/site-packages/spyderlib/images/console/python_t.png
/Users/katiequinn/anaconda/lib/python3.5/site-packages/spyderlib/images/projects/pythonpath.png
/Users/katiequinn/anaconda/lib/python3.5/site-packages/spyderlib/images/pythonpath_mgr.png
/Users/katiequinn/anaconda/lib/python3.5/site-packages/spyderlib/images/pythonxy.png
/Users/katiequinn/anaconda/lib/python3.5/site-packages/spyderlib/widgets/externalshell/__pycache__/pythonshell.cpython-35.pyc
/Users/katiequinn/anaconda/lib/python3.5/site-packages/spyderlib/widgets/externalshell/pythonshell.py
/Users/katiequinn/anaconda/lib/python3.5/site-packages/statsmodels/compat/__pycache__/python.cpython-35.pyc
/Users/katiequinn/anaconda/lib/python3.5/site-packages/statsmodels/compat/python.py
/Users/katiequinn/anaconda/lib/python3.5/site-packages/sympy/polys/domains/__pycache__/pythonfinitefield.cpython-35.pyc
/Users/katiequinn/anaconda/lib/python3.5/site-packages/sympy/polys/domains/__pycache__/pythonintegerring.cpython-35.pyc
/Users/katiequinn/anaconda/lib/python3.5/site-packages/sympy/polys/domains/__pycache__/pythonrational.cpython-35.pyc
/Users/katiequinn/anaconda/lib/python3.5/site-packages/sympy/polys/domains/__pycache__/pythonrationalfield.cpython-35.pyc
/Users/katiequinn/anaconda/lib/python3.5/site-packages/sympy/polys/domains/pythonfinitefield.py
/Users/katiequinn/anaconda/lib/python3.5/site-packages/sympy/polys/domains/pythonintegerring.py
/Users/katiequinn/anaconda/lib/python3.5/site-packages/sympy/polys/domains/pythonrational.py
/Users/katiequinn/anaconda/lib/python3.5/site-packages/sympy/polys/domains/pythonrationalfield.py
/Users/katiequinn/anaconda/lib/python3.5/site-packages/sympy/printing/__pycache__/python.cpython-35.pyc
/Users/katiequinn/anaconda/lib/python3.5/site-packages/sympy/printing/python.py
/Users/katiequinn/anaconda/lib/python3.5/site-packages/tables/tests/python2.h5
/Users/katiequinn/anaconda/lib/python3.5/site-packages/tables/tests/python3.h5
/Users/katiequinn/anaconda/pkgs/alabaster-0.7.7-py35_0/lib/python3.5
/Users/katiequinn/anaconda/pkgs/anaconda-4.0.0-np110py35_0/lib/python3.5
/Users/katiequinn/anaconda/pkgs/anaconda-client-1.4.0-py35_0/lib/python3.5
/Users/katiequinn/anaconda/pkgs/anaconda-navigator-1.1.0-py35_0/lib/python3.5
/Users/katiequinn/anaconda/pkgs/appnope-0.1.0-py35_0/lib/python3.5
/Users/katiequinn/anaconda/pkgs/appscript-1.0.1-py35_0/lib/python3.5
/Users/katiequinn/anaconda/pkgs/argcomplete-1.0.0-py35_1/bin/python-argcomplete-check-easy-install-script
/Users/katiequinn/anaconda/pkgs/argcomplete-1.0.0-py35_1/lib/python3.5
/Users/katiequinn/anaconda/pkgs/argcomplete-1.0.0-py35_1/lib/python3.5/site-packages/argcomplete/bash_completion.d/python-argcomplete.sh
/Users/katiequinn/anaconda/pkgs/argcomplete-1.0.0-py35_1/lib/python3.5/site-packages/argcomplete-1.0.0-py3.5.egg-info/scripts/python-argcomplete-check-easy-install-script
/Users/katiequinn/anaconda/pkgs/astropy-1.1.2-np110py35_0/lib/python3.5
/Users/katiequinn/anaconda/pkgs/babel-2.2.0-py35_0/lib/python3.5
/Users/katiequinn/anaconda/pkgs/beautifulsoup4-4.4.1-py35_0/lib/python3.5
/Users/katiequinn/anaconda/pkgs/bitarray-0.8.1-py35_0/lib/python3.5
/Users/katiequinn/anaconda/pkgs/blaze-0.9.1-py35_0/lib/python3.5
/Users/katiequinn/anaconda/pkgs/blaze-0.9.1-py35_0/lib/python3.5/site-packages/blaze/compute/__pycache__/python.cpython-35.pyc
/Users/katiequinn/anaconda/pkgs/blaze-0.9.1-py35_0/lib/python3.5/site-packages/blaze/compute/python.py
/Users/katiequinn/anaconda/pkgs/bokeh-0.11.1-py35_0/Examples/bokeh/plotting/file/python_callback.py
/Users/katiequinn/anaconda/pkgs/bokeh-0.11.1-py35_0/lib/python3.5
/Users/katiequinn/anaconda/pkgs/boto-2.39.0-py35_0/lib/python3.5
/Users/katiequinn/anaconda/pkgs/bottleneck-1.0.0-np110py35_0/lib/python3.5
/Users/katiequinn/anaconda/pkgs/cffi-1.5.2-py35_0/lib/python3.5
/Users/katiequinn/anaconda/pkgs/chest-0.2.3-py35_0/lib/python3.5
/Users/katiequinn/anaconda/pkgs/cloudpickle-0.1.1-py35_0/lib/python3.5
/Users/katiequinn/anaconda/pkgs/clyent-1.2.1-py35_0/lib/python3.5
/Users/katiequinn/anaconda/pkgs/colorama-0.3.7-py35_0/lib/python3.5
/Users/katiequinn/anaconda/pkgs/conda-4.0.5-py35_0/lib/python3.5
/Users/katiequinn/anaconda/pkgs/conda-build-1.20.0-py35_0/lib/python3.5
/Users/katiequinn/anaconda/pkgs/conda-env-2.4.5-py35_0/lib/python3.5
/Users/katiequinn/anaconda/pkgs/conda-manager-0.3.1-py35_0/lib/python3.5
/Users/katiequinn/anaconda/pkgs/conda-manager-0.3.1-py35_0/lib/python3.5/site-packages/conda_manager/data/images/python.png
/Users/katiequinn/anaconda/pkgs/configobj-5.0.6-py35_0/lib/python3.5
/Users/katiequinn/anaconda/pkgs/cryptography-1.3-py35_0/lib/python3.5
/Users/katiequinn/anaconda/pkgs/cycler-0.10.0-py35_0/lib/python3.5
/Users/katiequinn/anaconda/pkgs/cython-0.23.4-py35_1/lib/python3.5
/Users/katiequinn/anaconda/pkgs/cython-0.23.4-py35_1/lib/python3.5/site-packages/Cython/Includes/Deprecated/python.pxd
/Users/katiequinn/anaconda/pkgs/cython-0.23.4-py35_1/lib/python3.5/site-packages/Cython/Includes/Deprecated/python2.5.pxd
/Users/katiequinn/anaconda/pkgs/cython-0.23.4-py35_1/lib/python3.5/site-packages/Cython/Includes/Deprecated/python_bool.pxd
/Users/katiequinn/anaconda/pkgs/cython-0.23.4-py35_1/lib/python3.5/site-packages/Cython/Includes/Deprecated/python_buffer.pxd
/Users/katiequinn/anaconda/pkgs/cython-0.23.4-py35_1/lib/python3.5/site-packages/Cython/Includes/Deprecated/python_bytes.pxd
/Users/katiequinn/anaconda/pkgs/cython-0.23.4-py35_1/lib/python3.5/site-packages/Cython/Includes/Deprecated/python_cobject.pxd
/Users/katiequinn/anaconda/pkgs/cython-0.23.4-py35_1/lib/python3.5/site-packages/Cython/Includes/Deprecated/python_complex.pxd
/Users/katiequinn/anaconda/pkgs/cython-0.23.4-py35_1/lib/python3.5/site-packages/Cython/Includes/Deprecated/python_dict.pxd
/Users/katiequinn/anaconda/pkgs/cython-0.23.4-py35_1/lib/python3.5/site-packages/Cython/Includes/Deprecated/python_exc.pxd
/Users/katiequinn/anaconda/pkgs/cython-0.23.4-py35_1/lib/python3.5/site-packages/Cython/Includes/Deprecated/python_float.pxd
/Users/katiequinn/anaconda/pkgs/cython-0.23.4-py35_1/lib/python3.5/site-packages/Cython/Includes/Deprecated/python_function.pxd
/Users/katiequinn/anaconda/pkgs/cython-0.23.4-py35_1/lib/python3.5/site-packages/Cython/Includes/Deprecated/python_getargs.pxd
/Users/katiequinn/anaconda/pkgs/cython-0.23.4-py35_1/lib/python3.5/site-packages/Cython/Includes/Deprecated/python_instance.pxd
/Users/katiequinn/anaconda/pkgs/cython-0.23.4-py35_1/lib/python3.5/site-packages/Cython/Includes/Deprecated/python_int.pxd
/Users/katiequinn/anaconda/pkgs/cython-0.23.4-py35_1/lib/python3.5/site-packages/Cython/Includes/Deprecated/python_iterator.pxd
/Users/katiequinn/anaconda/pkgs/cython-0.23.4-py35_1/lib/python3.5/site-packages/Cython/Includes/Deprecated/python_list.pxd
/Users/katiequinn/anaconda/pkgs/cython-0.23.4-py35_1/lib/python3.5/site-packages/Cython/Includes/Deprecated/python_long.pxd
/Users/katiequinn/anaconda/pkgs/cython-0.23.4-py35_1/lib/python3.5/site-packages/Cython/Includes/Deprecated/python_mapping.pxd
/Users/katiequinn/anaconda/pkgs/cython-0.23.4-py35_1/lib/python3.5/site-packages/Cython/Includes/Deprecated/python_mem.pxd
/Users/katiequinn/anaconda/pkgs/cython-0.23.4-py35_1/lib/python3.5/site-packages/Cython/Includes/Deprecated/python_method.pxd
/Users/katiequinn/anaconda/pkgs/cython-0.23.4-py35_1/lib/python3.5/site-packages/Cython/Includes/Deprecated/python_module.pxd
/Users/katiequinn/anaconda/pkgs/cython-0.23.4-py35_1/lib/python3.5/site-packages/Cython/Includes/Deprecated/python_number.pxd
/Users/katiequinn/anaconda/pkgs/cython-0.23.4-py35_1/lib/python3.5/site-packages/Cython/Includes/Deprecated/python_object.pxd
/Users/katiequinn/anaconda/pkgs/cython-0.23.4-py35_1/lib/python3.5/site-packages/Cython/Includes/Deprecated/python_oldbuffer.pxd
/Users/katiequinn/anaconda/pkgs/cython-0.23.4-py35_1/lib/python3.5/site-packages/Cython/Includes/Deprecated/python_pycapsule.pxd
/Users/katiequinn/anaconda/pkgs/cython-0.23.4-py35_1/lib/python3.5/site-packages/Cython/Includes/Deprecated/python_ref.pxd
/Users/katiequinn/anaconda/pkgs/cython-0.23.4-py35_1/lib/python3.5/site-packages/Cython/Includes/Deprecated/python_sequence.pxd
/Users/katiequinn/anaconda/pkgs/cython-0.23.4-py35_1/lib/python3.5/site-packages/Cython/Includes/Deprecated/python_set.pxd
/Users/katiequinn/anaconda/pkgs/cython-0.23.4-py35_1/lib/python3.5/site-packages/Cython/Includes/Deprecated/python_string.pxd
/Users/katiequinn/anaconda/pkgs/cython-0.23.4-py35_1/lib/python3.5/site-packages/Cython/Includes/Deprecated/python_tuple.pxd
/Users/katiequinn/anaconda/pkgs/cython-0.23.4-py35_1/lib/python3.5/site-packages/Cython/Includes/Deprecated/python_type.pxd
/Users/katiequinn/anaconda/pkgs/cython-0.23.4-py35_1/lib/python3.5/site-packages/Cython/Includes/Deprecated/python_unicode.pxd
/Users/katiequinn/anaconda/pkgs/cython-0.23.4-py35_1/lib/python3.5/site-packages/Cython/Includes/Deprecated/python_version.pxd
/Users/katiequinn/anaconda/pkgs/cython-0.23.4-py35_1/lib/python3.5/site-packages/Cython/Includes/Deprecated/python_weakref.pxd
/Users/katiequinn/anaconda/pkgs/cytoolz-0.7.5-py35_0/lib/python3.5
/Users/katiequinn/anaconda/pkgs/dask-0.8.1-py35_0/lib/python3.5
/Users/katiequinn/anaconda/pkgs/datashape-0.5.1-py35_0/lib/python3.5
/Users/katiequinn/anaconda/pkgs/decorator-4.0.9-py35_0/lib/python3.5
/Users/katiequinn/anaconda/pkgs/dill-0.2.4-py35_0/lib/python3.5
/Users/katiequinn/anaconda/pkgs/docutils-0.12-py35_0/lib/python3.5
/Users/katiequinn/anaconda/pkgs/dynd-python-0.7.2-py35_0/lib/python3.5
/Users/katiequinn/anaconda/pkgs/et_xmlfile-1.0.1-py35_0/lib/python3.5
/Users/katiequinn/anaconda/pkgs/fastcache-1.0.2-py35_0/lib/python3.5
/Users/katiequinn/anaconda/pkgs/flask-0.10.1-py35_1/lib/python3.5
/Users/katiequinn/anaconda/pkgs/flask-cors-2.1.2-py35_0/lib/python3.5
/Users/katiequinn/anaconda/pkgs/gevent-1.1.0-py35_0/lib/python3.5
/Users/katiequinn/anaconda/pkgs/greenlet-0.4.9-py35_0/include/python3.5m
/Users/katiequinn/anaconda/pkgs/greenlet-0.4.9-py35_0/lib/python3.5
/Users/katiequinn/anaconda/pkgs/h5py-2.5.0-np110py35_4/lib/python3.5
/Users/katiequinn/anaconda/pkgs/heapdict-1.0.0-py35_0/lib/python3.5
/Users/katiequinn/anaconda/pkgs/idna-2.0-py35_0/lib/python3.5
/Users/katiequinn/anaconda/pkgs/ipykernel-4.3.1-py35_0/lib/python3.5
/Users/katiequinn/anaconda/pkgs/ipython-4.1.2-py35_1/lib/python3.5
/Users/katiequinn/anaconda/pkgs/ipython_genutils-0.1.0-py35_0/lib/python3.5
/Users/katiequinn/anaconda/pkgs/ipywidgets-4.1.1-py35_0/lib/python3.5
/Users/katiequinn/anaconda/pkgs/itsdangerous-0.24-py35_0/lib/python3.5
/Users/katiequinn/anaconda/pkgs/jdcal-1.2-py35_0/lib/python3.5
/Users/katiequinn/anaconda/pkgs/jedi-0.9.0-py35_0/lib/python3.5
/Users/katiequinn/anaconda/pkgs/jinja2-2.8-py35_0/lib/python3.5
/Users/katiequinn/anaconda/pkgs/jsonschema-2.4.0-py35_0/lib/python3.5
/Users/katiequinn/anaconda/pkgs/jupyter-1.0.0-py35_2/lib/python3.5
/Users/katiequinn/anaconda/pkgs/jupyter_client-4.2.2-py35_0/lib/python3.5
/Users/katiequinn/anaconda/pkgs/jupyter_console-4.1.1-py35_0/lib/python3.5
/Users/katiequinn/anaconda/pkgs/jupyter_core-4.1.0-py35_0/lib/python3.5
/Users/katiequinn/anaconda/pkgs/libxslt-1.1.28-2/share/doc/libxslt-1.1.28/html/python.html
/Users/katiequinn/anaconda/pkgs/llvmlite-0.9.0-py35_0/lib/python3.5
/Users/katiequinn/anaconda/pkgs/locket-0.2.0-py35_0/lib/python3.5
/Users/katiequinn/anaconda/pkgs/lxml-3.6.0-py35_0/lib/python3.5
/Users/katiequinn/anaconda/pkgs/markupsafe-0.23-py35_0/lib/python3.5
/Users/katiequinn/anaconda/pkgs/matplotlib-1.5.1-np110py35_0/lib/python3.5
/Users/katiequinn/anaconda/pkgs/mistune-0.7.2-py35_1/lib/python3.5
/Users/katiequinn/anaconda/pkgs/mkl-service-1.1.2-py35_0/lib/python3.5
/Users/katiequinn/anaconda/pkgs/mpmath-0.19-py35_0/lib/python3.5
/Users/katiequinn/anaconda/pkgs/multipledispatch-0.4.8-py35_0/lib/python3.5
/Users/katiequinn/anaconda/pkgs/nbconvert-4.1.0-py35_0/lib/python3.5
/Users/katiequinn/anaconda/pkgs/nbconvert-4.1.0-py35_0/lib/python3.5/site-packages/nbconvert/exporters/__pycache__/python.cpython-35.pyc
/Users/katiequinn/anaconda/pkgs/nbconvert-4.1.0-py35_0/lib/python3.5/site-packages/nbconvert/exporters/python.py
/Users/katiequinn/anaconda/pkgs/nbconvert-4.1.0-py35_0/lib/python3.5/site-packages/nbconvert/preprocessors/tests/files/python.png
/Users/katiequinn/anaconda/pkgs/nbconvert-4.1.0-py35_0/lib/python3.5/site-packages/nbconvert/templates/python.tpl
/Users/katiequinn/anaconda/pkgs/nbformat-4.0.1-py35_0/lib/python3.5
/Users/katiequinn/anaconda/pkgs/networkx-1.11-py35_0/lib/python3.5
/Users/katiequinn/anaconda/pkgs/nltk-3.2-py35_0/lib/python3.5
/Users/katiequinn/anaconda/pkgs/nose-1.3.7-py35_0/lib/python3.5
/Users/katiequinn/anaconda/pkgs/notebook-4.1.0-py35_2/lib/python3.5
/Users/katiequinn/anaconda/pkgs/notebook-4.1.0-py35_2/lib/python3.5/site-packages/notebook/static/components/codemirror/mode/python
/Users/katiequinn/anaconda/pkgs/notebook-4.1.0-py35_2/lib/python3.5/site-packages/notebook/static/components/codemirror/mode/python/python.js
/Users/katiequinn/anaconda/pkgs/numba-0.24.0-np110py35_0/lib/python3.5
/Users/katiequinn/anaconda/pkgs/numba-0.24.0-np110py35_0/lib/python3.5/site-packages/numba/__pycache__/pythonapi.cpython-35.pyc
/Users/katiequinn/anaconda/pkgs/numba-0.24.0-np110py35_0/lib/python3.5/site-packages/numba/pythonapi.py
/Users/katiequinn/anaconda/pkgs/numexpr-2.5-np110py35_0/lib/python3.5
/Users/katiequinn/anaconda/pkgs/numpy-1.10.4-py35_0/lib/python3.5
/Users/katiequinn/anaconda/pkgs/numpy-1.10.4-py35_0/lib/python3.5/site-packages/numpy/lib/tests/data/python3.npy
/Users/katiequinn/anaconda/pkgs/odo-0.4.2-py35_0/lib/python3.5
/Users/katiequinn/anaconda/pkgs/openpyxl-2.3.2-py35_0/lib/python3.5
/Users/katiequinn/anaconda/pkgs/pandas-0.18.0-np110py35_0/lib/python3.5
/Users/katiequinn/anaconda/pkgs/partd-0.3.2-py35_1/lib/python3.5
/Users/katiequinn/anaconda/pkgs/partd-0.3.2-py35_1/lib/python3.5/site-packages/partd/__pycache__/python.cpython-35.pyc
/Users/katiequinn/anaconda/pkgs/partd-0.3.2-py35_1/lib/python3.5/site-packages/partd/python.py
/Users/katiequinn/anaconda/pkgs/path.py-8.1.2-py35_1/lib/python3.5
/Users/katiequinn/anaconda/pkgs/patsy-0.4.0-np110py35_0/lib/python3.5
/Users/katiequinn/anaconda/pkgs/pep8-1.7.0-py35_0/lib/python3.5
/Users/katiequinn/anaconda/pkgs/pexpect-4.0.1-py35_0/lib/python3.5
/Users/katiequinn/anaconda/pkgs/pickleshare-0.5-py35_0/lib/python3.5
/Users/katiequinn/anaconda/pkgs/pillow-3.1.1-py35_0/lib/python3.5
/Users/katiequinn/anaconda/pkgs/pip-8.1.1-py35_1/lib/python3.5
/Users/katiequinn/anaconda/pkgs/ply-3.8-py35_0/lib/python3.5
/Users/katiequinn/anaconda/pkgs/psutil-4.1.0-py35_1/lib/python3.5
/Users/katiequinn/anaconda/pkgs/ptyprocess-0.5-py35_0/lib/python3.5
/Users/katiequinn/anaconda/pkgs/py-1.4.31-py35_0/lib/python3.5
/Users/katiequinn/anaconda/pkgs/pyasn1-0.1.9-py35_0/lib/python3.5
/Users/katiequinn/anaconda/pkgs/pycosat-0.6.1-py35_0/lib/python3.5
/Users/katiequinn/anaconda/pkgs/pycparser-2.14-py35_0/lib/python3.5
/Users/katiequinn/anaconda/pkgs/pycrypto-2.6.1-py35_0/lib/python3.5
/Users/katiequinn/anaconda/pkgs/pycurl-7.19.5.3-py35_0/lib/python3.5
/Users/katiequinn/anaconda/pkgs/pyflakes-1.1.0-py35_0/lib/python3.5
/Users/katiequinn/anaconda/pkgs/pygments-2.1.1-py35_0/lib/python3.5
/Users/katiequinn/anaconda/pkgs/pygments-2.1.1-py35_0/lib/python3.5/site-packages/pygments/lexers/__pycache__/python.cpython-35.pyc
/Users/katiequinn/anaconda/pkgs/pygments-2.1.1-py35_0/lib/python3.5/site-packages/pygments/lexers/python.py
/Users/katiequinn/anaconda/pkgs/pyopenssl-0.15.1-py35_2/lib/python3.5
/Users/katiequinn/anaconda/pkgs/pyparsing-2.0.3-py35_0/lib/python3.5
/Users/katiequinn/anaconda/pkgs/pyqt-4.11.4-py35_1/lib/python3.5
/Users/katiequinn/anaconda/pkgs/pytables-3.2.2-np110py35_1/lib/python3.5
/Users/katiequinn/anaconda/pkgs/pytables-3.2.2-np110py35_1/lib/python3.5/site-packages/tables/tests/python2.h5
/Users/katiequinn/anaconda/pkgs/pytables-3.2.2-np110py35_1/lib/python3.5/site-packages/tables/tests/python3.h5
/Users/katiequinn/anaconda/pkgs/pytest-2.8.5-py35_0/lib/python3.5
/Users/katiequinn/anaconda/pkgs/pytest-2.8.5-py35_0/lib/python3.5/site-packages/_pytest/__pycache__/python.cpython-35.pyc
/Users/katiequinn/anaconda/pkgs/pytest-2.8.5-py35_0/lib/python3.5/site-packages/_pytest/python.py
/Users/katiequinn/anaconda/pkgs/python-3.5.1-0
/Users/katiequinn/anaconda/pkgs/python-3.5.1-0/bin/python
/Users/katiequinn/anaconda/pkgs/python-3.5.1-0/bin/python3
/Users/katiequinn/anaconda/pkgs/python-3.5.1-0/bin/python3-config
/Users/katiequinn/anaconda/pkgs/python-3.5.1-0/bin/python3.5
/Users/katiequinn/anaconda/pkgs/python-3.5.1-0/bin/python3.5-config
/Users/katiequinn/anaconda/pkgs/python-3.5.1-0/bin/python3.5m
/Users/katiequinn/anaconda/pkgs/python-3.5.1-0/bin/python3.5m-config
/Users/katiequinn/anaconda/pkgs/python-3.5.1-0/include/python3.5m
/Users/katiequinn/anaconda/pkgs/python-3.5.1-0/include/python3.5m/Python-ast.h
/Users/katiequinn/anaconda/pkgs/python-3.5.1-0/include/python3.5m/Python.h
/Users/katiequinn/anaconda/pkgs/python-3.5.1-0/include/python3.5m/pythonrun.h
/Users/katiequinn/anaconda/pkgs/python-3.5.1-0/lib/pkgconfig/python-3.5.pc
/Users/katiequinn/anaconda/pkgs/python-3.5.1-0/lib/pkgconfig/python-3.5m.pc
/Users/katiequinn/anaconda/pkgs/python-3.5.1-0/lib/pkgconfig/python3.pc
/Users/katiequinn/anaconda/pkgs/python-3.5.1-0/lib/python3.5
/Users/katiequinn/anaconda/pkgs/python-3.5.1-0/lib/python3.5/config-3.5m/python-config.py
/Users/katiequinn/anaconda/pkgs/python-3.5.1-0/lib/python3.5/config-3.5m/python.o
/Users/katiequinn/anaconda/pkgs/python-3.5.1-0/lib/python3.5/idlelib/Icons/python.gif
/Users/katiequinn/anaconda/pkgs/python-3.5.1-0/share/man/man1/python3.1
/Users/katiequinn/anaconda/pkgs/python-3.5.1-0/share/man/man1/python3.5.1
/Users/katiequinn/anaconda/pkgs/python-dateutil-2.5.1-py35_0
/Users/katiequinn/anaconda/pkgs/python-dateutil-2.5.1-py35_0/lib/python3.5
/Users/katiequinn/anaconda/pkgs/python-dateutil-2.5.1-py35_0/lib/python3.5/site-packages/python_dateutil-2.5.1-py3.5.egg-info
/Users/katiequinn/anaconda/pkgs/python.app-1.2-py35_4
/Users/katiequinn/anaconda/pkgs/python.app-1.2-py35_4/bin/python.app
/Users/katiequinn/anaconda/pkgs/python.app-1.2-py35_4/bin/pythonw
/Users/katiequinn/anaconda/pkgs/python.app-1.2-py35_4/pythonapp
/Users/katiequinn/anaconda/pkgs/python.app-1.2-py35_4/pythonapp/Contents/MacOS/python
/Users/katiequinn/anaconda/pkgs/pytz-2016.2-py35_0/lib/python3.5
/Users/katiequinn/anaconda/pkgs/pyyaml-3.11-py35_1/lib/python3.5
/Users/katiequinn/anaconda/pkgs/pyzmq-15.2.0-py35_0/lib/python3.5
/Users/katiequinn/anaconda/pkgs/qtawesome-0.3.2-py35_0/lib/python3.5
/Users/katiequinn/anaconda/pkgs/qtconsole-4.2.0-py35_0/lib/python3.5
/Users/katiequinn/anaconda/pkgs/qtpy-1.0-py35_0/lib/python3.5
/Users/katiequinn/anaconda/pkgs/redis-py-2.10.3-py35_0/lib/python3.5
/Users/katiequinn/anaconda/pkgs/requests-2.9.1-py35_0/lib/python3.5
/Users/katiequinn/anaconda/pkgs/rope-0.9.4-py35_1/lib/python3.5
/Users/katiequinn/anaconda/pkgs/scikit-image-0.12.3-np110py35_0/lib/python3.5
/Users/katiequinn/anaconda/pkgs/scikit-learn-0.17.1-np110py35_0/lib/python3.5
/Users/katiequinn/anaconda/pkgs/scipy-0.17.0-np110py35_0/lib/python3.5
/Users/katiequinn/anaconda/pkgs/setuptools-20.3-py35_0/lib/python3.5
/Users/katiequinn/anaconda/pkgs/simplegeneric-0.8.1-py35_0/lib/python3.5
/Users/katiequinn/anaconda/pkgs/singledispatch-3.4.0.3-py35_0/lib/python3.5
/Users/katiequinn/anaconda/pkgs/sip-4.16.9-py35_0/include/python3.5m
/Users/katiequinn/anaconda/pkgs/sip-4.16.9-py35_0/lib/python3.5
/Users/katiequinn/anaconda/pkgs/six-1.10.0-py35_0/lib/python3.5
/Users/katiequinn/anaconda/pkgs/snowballstemmer-1.2.1-py35_0/lib/python3.5
/Users/katiequinn/anaconda/pkgs/sockjs-tornado-1.0.1-py35_0/lib/python3.5
/Users/katiequinn/anaconda/pkgs/sphinx-1.3.5-py35_0/lib/python3.5
/Users/katiequinn/anaconda/pkgs/sphinx-1.3.5-py35_0/lib/python3.5/site-packages/Sphinx-1.3.5-py3.5.egg/sphinx/domains/__pycache__/python.cpython-35.pyc
/Users/katiequinn/anaconda/pkgs/sphinx-1.3.5-py35_0/lib/python3.5/site-packages/Sphinx-1.3.5-py3.5.egg/sphinx/domains/python.py
/Users/katiequinn/anaconda/pkgs/sphinx-1.3.5-py35_0/lib/python3.5/site-packages/Sphinx-1.3.5-py3.5.egg/sphinx/texinputs/python.ist
/Users/katiequinn/anaconda/pkgs/sphinx_rtd_theme-0.1.9-py35_0/lib/python3.5
/Users/katiequinn/anaconda/pkgs/spyder-2.3.8-py35_1/lib/python3.5
/Users/katiequinn/anaconda/pkgs/spyder-2.3.8-py35_1/lib/python3.5/site-packages/spyderlib/images/console/python.png
/Users/katiequinn/anaconda/pkgs/spyder-2.3.8-py35_1/lib/python3.5/site-packages/spyderlib/images/console/python_t.png
/Users/katiequinn/anaconda/pkgs/spyder-2.3.8-py35_1/lib/python3.5/site-packages/spyderlib/images/projects/pythonpath.png
/Users/katiequinn/anaconda/pkgs/spyder-2.3.8-py35_1/lib/python3.5/site-packages/spyderlib/images/pythonpath_mgr.png
/Users/katiequinn/anaconda/pkgs/spyder-2.3.8-py35_1/lib/python3.5/site-packages/spyderlib/images/pythonxy.png
/Users/katiequinn/anaconda/pkgs/spyder-2.3.8-py35_1/lib/python3.5/site-packages/spyderlib/widgets/externalshell/__pycache__/pythonshell.cpython-35.pyc
/Users/katiequinn/anaconda/pkgs/spyder-2.3.8-py35_1/lib/python3.5/site-packages/spyderlib/widgets/externalshell/pythonshell.py
/Users/katiequinn/anaconda/pkgs/sqlalchemy-1.0.12-py35_0/lib/python3.5
/Users/katiequinn/anaconda/pkgs/statsmodels-0.6.1-np110py35_0/lib/python3.5
/Users/katiequinn/anaconda/pkgs/statsmodels-0.6.1-np110py35_0/lib/python3.5/site-packages/statsmodels/compat/__pycache__/python.cpython-35.pyc
/Users/katiequinn/anaconda/pkgs/statsmodels-0.6.1-np110py35_0/lib/python3.5/site-packages/statsmodels/compat/python.py
/Users/katiequinn/anaconda/pkgs/sympy-1.0-py35_0/lib/python3.5
/Users/katiequinn/anaconda/pkgs/sympy-1.0-py35_0/lib/python3.5/site-packages/sympy/polys/domains/__pycache__/pythonfinitefield.cpython-35.pyc
/Users/katiequinn/anaconda/pkgs/sympy-1.0-py35_0/lib/python3.5/site-packages/sympy/polys/domains/__pycache__/pythonintegerring.cpython-35.pyc
/Users/katiequinn/anaconda/pkgs/sympy-1.0-py35_0/lib/python3.5/site-packages/sympy/polys/domains/__pycache__/pythonrational.cpython-35.pyc
/Users/katiequinn/anaconda/pkgs/sympy-1.0-py35_0/lib/python3.5/site-packages/sympy/polys/domains/__pycache__/pythonrationalfield.cpython-35.pyc
/Users/katiequinn/anaconda/pkgs/sympy-1.0-py35_0/lib/python3.5/site-packages/sympy/polys/domains/pythonfinitefield.py
/Users/katiequinn/anaconda/pkgs/sympy-1.0-py35_0/lib/python3.5/site-packages/sympy/polys/domains/pythonintegerring.py
/Users/katiequinn/anaconda/pkgs/sympy-1.0-py35_0/lib/python3.5/site-packages/sympy/polys/domains/pythonrational.py
/Users/katiequinn/anaconda/pkgs/sympy-1.0-py35_0/lib/python3.5/site-packages/sympy/polys/domains/pythonrationalfield.py
/Users/katiequinn/anaconda/pkgs/sympy-1.0-py35_0/lib/python3.5/site-packages/sympy/printing/__pycache__/python.cpython-35.pyc
/Users/katiequinn/anaconda/pkgs/sympy-1.0-py35_0/lib/python3.5/site-packages/sympy/printing/python.py
/Users/katiequinn/anaconda/pkgs/terminado-0.5-py35_1/lib/python3.5
/Users/katiequinn/anaconda/pkgs/toolz-0.7.4-py35_0/lib/python3.5
/Users/katiequinn/anaconda/pkgs/tornado-4.3-py35_0/lib/python3.5
/Users/katiequinn/anaconda/pkgs/traitlets-4.2.1-py35_0/lib/python3.5
/Users/katiequinn/anaconda/pkgs/unicodecsv-0.14.1-py35_0/lib/python3.5
/Users/katiequinn/anaconda/pkgs/werkzeug-0.11.4-py35_0/lib/python3.5
/Users/katiequinn/anaconda/pkgs/wheel-0.29.0-py35_0/lib/python3.5
/Users/katiequinn/anaconda/pkgs/xlrd-0.9.4-py35_0/lib/python3.5
/Users/katiequinn/anaconda/pkgs/xlsxwriter-0.8.4-py35_0/lib/python3.5
/Users/katiequinn/anaconda/pkgs/xlwings-0.7.0-py35_0/lib/python3.5
/Users/katiequinn/anaconda/pkgs/xlwt-1.0.0-py35_0/lib/python3.5
/Users/katiequinn/anaconda/python.app
/Users/katiequinn/anaconda/python.app/Contents/MacOS/python
/Users/katiequinn/anaconda/share/doc/libxslt-1.1.28/html/python.html
/Users/katiequinn/anaconda/share/man/man1/python3.1
/Users/katiequinn/anaconda/share/man/man1/python3.5.1
/Users/katiequinn/Documents/CookingLog/python.log
/Users/katiequinn/Documents/CookingLog/venv/bin/python
/Users/katiequinn/Documents/CookingLog/venv/bin/python3
/Users/katiequinn/Documents/CookingLog/venv/bin/python3.5
/Users/katiequinn/Documents/CookingLog/venv/include/python3.5m
/Users/katiequinn/Documents/CookingLog/venv/lib/python3.5
/Users/katiequinn/Library/Application Support/CrashReporter/python_CC7DB8FB-91F5-5DBC-8EA2-C045E7F1C744.plist
/Users/katiequinn/Library/Caches/PyCharm2016.1/index/stubs/.versions/Python.Decorator.ver
/Users/katiequinn/Library/Caches/PyCharm2016.1/index/stubs/python.decorator
/Users/katiequinn/Library/Caches/PyCharm2016.1/index/stubs/python.decorator/Python.Decorator.storage
/Users/katiequinn/Library/Caches/PyCharm2016.1/index/stubs/python.decorator/Python.Decorator.storage.keystream
/Users/katiequinn/Library/Caches/PyCharm2016.1/index/stubs/python.decorator/Python.Decorator.storage.keystream.len
/Users/katiequinn/Library/Caches/PyCharm2016.1/index/stubs/python.decorator/Python.Decorator.storage.len
/Users/katiequinn/Library/Caches/PyCharm2016.1/index/stubs/python.decorator/Python.Decorator.storage.values.at
/Users/katiequinn/Library/Caches/PyCharm2016.1/index/stubs/python.decorator/Python.Decorator.storage_i
/Users/katiequinn/Library/Caches/PyCharm2016.1/index/stubs/python.decorator/Python.Decorator.storage_i.len
/Users/katiequinn/Library/Caches/PyCharm2016.1/python_stubs
/Users/katiequinn/Library/Enthought/Canopy_64bit/System/bin/python
/Users/katiequinn/Library/Enthought/Canopy_64bit/System/bin/python-config
/Users/katiequinn/Library/Enthought/Canopy_64bit/System/bin/python.noapp
/Users/katiequinn/Library/Enthought/Canopy_64bit/System/bin/python2
/Users/katiequinn/Library/Enthought/Canopy_64bit/System/bin/python2-config
/Users/katiequinn/Library/Enthought/Canopy_64bit/System/bin/python2.7
/Users/katiequinn/Library/Enthought/Canopy_64bit/System/bin/python2.7-config
/Users/katiequinn/Library/Enthought/Canopy_64bit/System/bin/pythonb
/Users/katiequinn/Library/Enthought/Canopy_64bit/System/bin/pythonb2
/Users/katiequinn/Library/Enthought/Canopy_64bit/System/bin/pythonb2.7
/Users/katiequinn/Library/Enthought/Canopy_64bit/System/bin/pythonw
/Users/katiequinn/Library/Enthought/Canopy_64bit/System/bin/pythonw2
/Users/katiequinn/Library/Enthought/Canopy_64bit/System/bin/pythonw2.7
/Users/katiequinn/Library/Enthought/Canopy_64bit/System/lib/python2.7
/Users/katiequinn/Library/Enthought/Canopy_64bit/System/Python
/Users/katiequinn/Library/Enthought/Canopy_64bit/System/Resources/Python.app
/Users/katiequinn/Library/Enthought/Canopy_64bit/System/Resources/Python.app/Contents/MacOS/Python
/Users/katiequinn/Library/Enthought/Canopy_64bit/System/Resources/Python.app/Contents/Resources/PythonApplet.icns
/Users/katiequinn/Library/Enthought/Canopy_64bit/System/Resources/Python.app/Contents/Resources/PythonInterpreter.icns
/Users/katiequinn/Library/Enthought/Canopy_64bit/System/Resources/PythonApplet.icns
/Users/katiequinn/Library/Enthought/Canopy_64bit/System/Resources/PythonNoDock.app
/Users/katiequinn/Library/Enthought/Canopy_64bit/System/Resources/PythonNoDock.app/Contents/MacOS/Python
/Users/katiequinn/Library/Enthought/Canopy_64bit/System/Resources/PythonNoDock.app/Contents/Resources/PythonApplet.icns
/Users/katiequinn/Library/Enthought/Canopy_64bit/System/Resources/PythonNoDock.app/Contents/Resources/PythonInterpreter.icns
/Users/katiequinn/Library/Enthought/Canopy_64bit/User/bin/python
/Users/katiequinn/Library/Enthought/Canopy_64bit/User/bin/python-config
/Users/katiequinn/Library/Enthought/Canopy_64bit/User/bin/python2
/Users/katiequinn/Library/Enthought/Canopy_64bit/User/bin/python2-config
/Users/katiequinn/Library/Enthought/Canopy_64bit/User/bin/python2.7
/Users/katiequinn/Library/Enthought/Canopy_64bit/User/bin/python2.7-config
/Users/katiequinn/Library/Enthought/Canopy_64bit/User/bin/pythonb
/Users/katiequinn/Library/Enthought/Canopy_64bit/User/bin/pythonb2
/Users/katiequinn/Library/Enthought/Canopy_64bit/User/bin/pythonb2.7
/Users/katiequinn/Library/Enthought/Canopy_64bit/User/bin/pythonw
/Users/katiequinn/Library/Enthought/Canopy_64bit/User/bin/pythonw2
/Users/katiequinn/Library/Enthought/Canopy_64bit/User/bin/pythonw2.7
/Users/katiequinn/Library/Enthought/Canopy_64bit/User/EGG-INFO/python_dateutil
/Users/katiequinn/Library/Enthought/Canopy_64bit/User/Examples/matplotlib-1.1.0/pylab_examples/pythonic_matplotlib.py
/Users/katiequinn/Library/Enthought/Canopy_64bit/User/Examples/pyface-4.2.0/python_editor.py
/Users/katiequinn/Library/Enthought/Canopy_64bit/User/Examples/pyface-4.2.0/python_shell.py
/Users/katiequinn/Library/Enthought/Canopy_64bit/User/Examples/pyparsing-1.5.6/pythonGrammarParser.py
/Users/katiequinn/Library/Enthought/Canopy_64bit/User/Examples/swig-1.3.40/GIFPlot/Python
/Users/katiequinn/Library/Enthought/Canopy_64bit/User/Examples/swig-1.3.40/python
/Users/katiequinn/Library/Enthought/Canopy_64bit/User/Examples/swig-1.3.40/test-suite/python
/Users/katiequinn/Library/Enthought/Canopy_64bit/User/Examples/swig-1.3.40/test-suite/python/python_abstractbase_runme3.py
/Users/katiequinn/Library/Enthought/Canopy_64bit/User/Examples/swig-1.3.40/test-suite/python/python_append_runme.py
/Users/katiequinn/Library/Enthought/Canopy_64bit/User/Examples/swig-1.3.40/test-suite/python/python_kwargs_runme.py
/Users/katiequinn/Library/Enthought/Canopy_64bit/User/Examples/swig-1.3.40/test-suite/python/python_nondynamic_runme.py
/Users/katiequinn/Library/Enthought/Canopy_64bit/User/Examples/swig-1.3.40/test-suite/python/python_overload_simple_cast_runme.py
/Users/katiequinn/Library/Enthought/Canopy_64bit/User/Examples/swig-1.3.40/test-suite/python/python_pybuf_runme3.py
/Users/katiequinn/Library/Enthought/Canopy_64bit/User/Examples/swig-1.3.40/test-suite/python/pythonswig.supp
/Users/katiequinn/Library/Enthought/Canopy_64bit/User/Examples/swig-1.3.40/test-suite/python_abstractbase.i
/Users/katiequinn/Library/Enthought/Canopy_64bit/User/Examples/swig-1.3.40/test-suite/python_append.i
/Users/katiequinn/Library/Enthought/Canopy_64bit/User/Examples/swig-1.3.40/test-suite/python_autodoc.i
/Users/katiequinn/Library/Enthought/Canopy_64bit/User/Examples/swig-1.3.40/test-suite/python_kwargs.i
/Users/katiequinn/Library/Enthought/Canopy_64bit/User/Examples/swig-1.3.40/test-suite/python_nondynamic.i
/Users/katiequinn/Library/Enthought/Canopy_64bit/User/Examples/swig-1.3.40/test-suite/python_overload_simple_cast.i
/Users/katiequinn/Library/Enthought/Canopy_64bit/User/Examples/swig-1.3.40/test-suite/python_pybuf.i
/Users/katiequinn/Library/Enthought/Canopy_64bit/User/Examples/traitsui-4.2.0/demo/Applications/Python_source_browser.py
/Users/katiequinn/Library/Enthought/Canopy_64bit/User/Examples/traitsui-4.2.0/tutorials/traitsui_4.0/editors/tabular_editor/python_source_browser.py
/Users/katiequinn/Library/Enthought/Canopy_64bit/User/lib/python2.7
/Users/katiequinn/Library/Enthought/Canopy_64bit/User/lib/python2.7/site-packages/apptools/help/help_plugin/action/images/python_run.png
/Users/katiequinn/Library/Enthought/Canopy_64bit/User/lib/python2.7/site-packages/apptools/type_manager/python_type_system.py
/Users/katiequinn/Library/Enthought/Canopy_64bit/User/lib/python2.7/site-packages/apptools/type_manager/python_type_system.pyc
/Users/katiequinn/Library/Enthought/Canopy_64bit/User/lib/python2.7/site-packages/catalyst/help/_images/python-code-view.png
/Users/katiequinn/Library/Enthought/Canopy_64bit/User/lib/python2.7/site-packages/egginst/vendor/okonomiyaki/file_formats/_blacklist/python_tag.py
/Users/katiequinn/Library/Enthought/Canopy_64bit/User/lib/python2.7/site-packages/egginst/vendor/okonomiyaki/file_formats/_blacklist/python_tag.pyc
/Users/katiequinn/Library/Enthought/Canopy_64bit/User/lib/python2.7/site-packages/egginst/vendor/okonomiyaki/platforms/python_implementation.py
/Users/katiequinn/Library/Enthought/Canopy_64bit/User/lib/python2.7/site-packages/egginst/vendor/okonomiyaki/platforms/python_implementation.pyc
/Users/katiequinn/Library/Enthought/Canopy_64bit/User/lib/python2.7/site-packages/envisage/plugins/python_shell
/Users/katiequinn/Library/Enthought/Canopy_64bit/User/lib/python2.7/site-packages/envisage/plugins/python_shell/python_shell_plugin.py
/Users/katiequinn/Library/Enthought/Canopy_64bit/User/lib/python2.7/site-packages/envisage/plugins/python_shell/python_shell_plugin.pyc
/Users/katiequinn/Library/Enthought/Canopy_64bit/User/lib/python2.7/site-packages/envisage/plugins/python_shell/view/python_shell_view.py
/Users/katiequinn/Library/Enthought/Canopy_64bit/User/lib/python2.7/site-packages/envisage/plugins/python_shell/view/python_shell_view.pyc
/Users/katiequinn/Library/Enthought/Canopy_64bit/User/lib/python2.7/site-packages/envisage/plugins/remote_editor/editor_plugins/editra/images/python_run_16x16.png
/Users/katiequinn/Library/Enthought/Canopy_64bit/User/lib/python2.7/site-packages/envisage/plugins/remote_editor/editor_plugins/editra/images/python_run_24x24.png
/Users/katiequinn/Library/Enthought/Canopy_64bit/User/lib/python2.7/site-packages/envisage/plugins/remote_editor/editor_plugins/editra/images/python_run_32x32.png
/Users/katiequinn/Library/Enthought/Canopy_64bit/User/lib/python2.7/site-packages/envisage/plugins/remote_editor/editor_plugins/editra/images/python_run_48x48.png
/Users/katiequinn/Library/Enthought/Canopy_64bit/User/lib/python2.7/site-packages/envisage/plugins/remote_editor/editor_plugins/editra/images/python_runsel_16x16.png
/Users/katiequinn/Library/Enthought/Canopy_64bit/User/lib/python2.7/site-packages/envisage/plugins/remote_editor/editor_plugins/editra/images/python_runsel_24x24.png
/Users/katiequinn/Library/Enthought/Canopy_64bit/User/lib/python2.7/site-packages/envisage/plugins/remote_editor/editor_plugins/editra/images/python_runsel_32x32.png
/Users/katiequinn/Library/Enthought/Canopy_64bit/User/lib/python2.7/site-packages/envisage/plugins/remote_editor/editor_plugins/editra/images/python_runsel_48x48.png
/Users/katiequinn/Library/Enthought/Canopy_64bit/User/lib/python2.7/site-packages/envisage/plugins/tasks/python_shell_plugin.py
/Users/katiequinn/Library/Enthought/Canopy_64bit/User/lib/python2.7/site-packages/envisage/plugins/tasks/python_shell_plugin.pyc
/Users/katiequinn/Library/Enthought/Canopy_64bit/User/lib/python2.7/site-packages/nbconvert/exporters/python.py
/Users/katiequinn/Library/Enthought/Canopy_64bit/User/lib/python2.7/site-packages/nbconvert/exporters/python.pyc
/Users/katiequinn/Library/Enthought/Canopy_64bit/User/lib/python2.7/site-packages/nbconvert/preprocessors/tests/files/python.png
/Users/katiequinn/Library/Enthought/Canopy_64bit/User/lib/python2.7/site-packages/nbconvert/templates/python.tpl
/Users/katiequinn/Library/Enthought/Canopy_64bit/User/lib/python2.7/site-packages/notebook/static/components/codemirror/mode/python
/Users/katiequinn/Library/Enthought/Canopy_64bit/User/lib/python2.7/site-packages/notebook/static/components/codemirror/mode/python/python.js
/Users/katiequinn/Library/Enthought/Canopy_64bit/User/lib/python2.7/site-packages/numpy/lib/tests/data/python3.npy
/Users/katiequinn/Library/Enthought/Canopy_64bit/User/lib/python2.7/site-packages/pyface/python_editor.py
/Users/katiequinn/Library/Enthought/Canopy_64bit/User/lib/python2.7/site-packages/pyface/python_editor.pyc
/Users/katiequinn/Library/Enthought/Canopy_64bit/User/lib/python2.7/site-packages/pyface/python_shell.py
/Users/katiequinn/Library/Enthought/Canopy_64bit/User/lib/python2.7/site-packages/pyface/python_shell.pyc
/Users/katiequinn/Library/Enthought/Canopy_64bit/User/lib/python2.7/site-packages/pyface/tasks/contrib/python_shell.py
/Users/katiequinn/Library/Enthought/Canopy_64bit/User/lib/python2.7/site-packages/pyface/tasks/contrib/python_shell.pyc
/Users/katiequinn/Library/Enthought/Canopy_64bit/User/lib/python2.7/site-packages/pyface/tests/python_shell_script.py
/Users/katiequinn/Library/Enthought/Canopy_64bit/User/lib/python2.7/site-packages/pyface/tests/python_shell_script.pyc
/Users/katiequinn/Library/Enthought/Canopy_64bit/User/lib/python2.7/site-packages/pyface/ui/qt4/python_editor.py
/Users/katiequinn/Library/Enthought/Canopy_64bit/User/lib/python2.7/site-packages/pyface/ui/qt4/python_editor.pyc
/Users/katiequinn/Library/Enthought/Canopy_64bit/User/lib/python2.7/site-packages/pyface/ui/qt4/python_shell.py
/Users/katiequinn/Library/Enthought/Canopy_64bit/User/lib/python2.7/site-packages/pyface/ui/qt4/python_shell.pyc
/Users/katiequinn/Library/Enthought/Canopy_64bit/User/lib/python2.7/site-packages/pyface/ui/wx/python_editor.py
/Users/katiequinn/Library/Enthought/Canopy_64bit/User/lib/python2.7/site-packages/pyface/ui/wx/python_editor.pyc
/Users/katiequinn/Library/Enthought/Canopy_64bit/User/lib/python2.7/site-packages/pyface/ui/wx/python_shell.py
/Users/katiequinn/Library/Enthought/Canopy_64bit/User/lib/python2.7/site-packages/pyface/ui/wx/python_shell.pyc
/Users/katiequinn/Library/Enthought/Canopy_64bit/User/lib/python2.7/site-packages/pyface/util/python_stc.py
/Users/katiequinn/Library/Enthought/Canopy_64bit/User/lib/python2.7/site-packages/pyface/util/python_stc.pyc
/Users/katiequinn/Library/Enthought/Canopy_64bit/User/lib/python2.7/site-packages/pygments/lexers/python.py
/Users/katiequinn/Library/Enthought/Canopy_64bit/User/lib/python2.7/site-packages/pygments/lexers/python.pyc
/Users/katiequinn/Library/Enthought/Canopy_64bit/User/lib/python2.7/site-packages/python_dateutil-2.5.2-1.egg-info
/Users/katiequinn/Library/Enthought/Canopy_64bit/User/lib/python2.7/site-packages/sympy/polys/domains/pythonfinitefield.py
/Users/katiequinn/Library/Enthought/Canopy_64bit/User/lib/python2.7/site-packages/sympy/polys/domains/pythonfinitefield.pyc
/Users/katiequinn/Library/Enthought/Canopy_64bit/User/lib/python2.7/site-packages/sympy/polys/domains/pythonintegerring.py
/Users/katiequinn/Library/Enthought/Canopy_64bit/User/lib/python2.7/site-packages/sympy/polys/domains/pythonintegerring.pyc
/Users/katiequinn/Library/Enthought/Canopy_64bit/User/lib/python2.7/site-packages/sympy/polys/domains/pythonrational.py
/Users/katiequinn/Library/Enthought/Canopy_64bit/User/lib/python2.7/site-packages/sympy/polys/domains/pythonrational.pyc
/Users/katiequinn/Library/Enthought/Canopy_64bit/User/lib/python2.7/site-packages/sympy/polys/domains/pythonrationalfield.py
/Users/katiequinn/Library/Enthought/Canopy_64bit/User/lib/python2.7/site-packages/sympy/polys/domains/pythonrationalfield.pyc
/Users/katiequinn/Library/Enthought/Canopy_64bit/User/lib/python2.7/site-packages/sympy/printing/python.py
/Users/katiequinn/Library/Enthought/Canopy_64bit/User/lib/python2.7/site-packages/sympy/printing/python.pyc
/Users/katiequinn/Library/Enthought/Canopy_64bit/User/lib/python2.7/site-packages/wx/tools/Editra/pixmaps/theme/Tango/mime/python.png
/Users/katiequinn/Library/Enthought/Canopy_64bit/User/lib/python2.7/site-packages/wx/tools/Editra/tests/syntax/python.python
/Users/katiequinn/Library/Enthought/Canopy_64bit/User/Python
/Users/katiequinn/Library/Enthought/Canopy_64bit/User/Resources/Python.app
/Users/katiequinn/Library/Enthought/Canopy_64bit/User/Resources/Python.app/Contents/MacOS/Python
/Users/katiequinn/Library/Enthought/Canopy_64bit/User/Resources/Python.app/Contents/Resources/PythonApplet.icns
/Users/katiequinn/Library/Enthought/Canopy_64bit/User/Resources/Python.app/Contents/Resources/PythonInterpreter.icns
/Users/katiequinn/Library/Enthought/Canopy_64bit/User/Resources/PythonApplet.icns
/Users/katiequinn/Library/Enthought/Canopy_64bit/User/Resources/PythonNoDock.app
/Users/katiequinn/Library/Enthought/Canopy_64bit/User/Resources/PythonNoDock.app/Contents/MacOS/Python
/Users/katiequinn/Library/Enthought/Canopy_64bit/User/Resources/PythonNoDock.app/Contents/Resources/PythonApplet.icns
/Users/katiequinn/Library/Enthought/Canopy_64bit/User/Resources/PythonNoDock.app/Contents/Resources/PythonInterpreter.icns
/Users/katiequinn/Library/Logs/DiagnosticReports/python_2016-11-11-170442_Katies-MacBook-Pro.crash
/Users/katiequinn/Library/Logs/DiagnosticReports/python_2016-11-11-171007_Katies-MacBook-Pro.crash
/Users/katiequinn/VirtualEnvironment1/bin/python
/Users/katiequinn/VirtualEnvironment1/bin/python2
/Users/katiequinn/VirtualEnvironment1/bin/python2.7
/Users/katiequinn/VirtualEnvironment1/include/python2.7
/Users/katiequinn/VirtualEnvironment1/lib/python2.7
/Users/katiequinn/VirtualEnvironment1/lib/python2.7/site-packages/nbconvert/exporters/python.py
/Users/katiequinn/VirtualEnvironment1/lib/python2.7/site-packages/nbconvert/exporters/python.pyc
/Users/katiequinn/VirtualEnvironment1/lib/python2.7/site-packages/nbconvert/preprocessors/tests/files/python.png
/Users/katiequinn/VirtualEnvironment1/lib/python2.7/site-packages/nbconvert/templates/python.tpl
/Users/katiequinn/VirtualEnvironment1/lib/python2.7/site-packages/notebook/static/components/codemirror/mode/python
/Users/katiequinn/VirtualEnvironment1/lib/python2.7/site-packages/notebook/static/components/codemirror/mode/python/python.js
/Users/katiequinn/VirtualEnvironment1/lib/python2.7/site-packages/numpy/lib/tests/data/python3.npy
/Users/katiequinn/VirtualEnvironment1/lib/python2.7/site-packages/pandas/io/tests/parser/python_parser_only.py
/Users/katiequinn/VirtualEnvironment1/lib/python2.7/site-packages/pandas/io/tests/parser/python_parser_only.pyc
/Users/katiequinn/VirtualEnvironment1/lib/python2.7/site-packages/pygments/lexers/python.py
/Users/katiequinn/VirtualEnvironment1/lib/python2.7/site-packages/pygments/lexers/python.pyc
/Users/katiequinn/VirtualEnvironment1/lib/python2.7/site-packages/python_dateutil-2.5.3.dist-info
/usr/bin/python
/usr/bin/python-config
/usr/bin/python2.6
/usr/bin/python2.6-config
/usr/bin/python2.7
/usr/bin/python2.7-config
/usr/bin/pythonw
/usr/bin/pythonw2.6
/usr/bin/pythonw2.7
/usr/include/python2.6
/usr/include/python2.7
/usr/lib/python2.6
/usr/lib/python2.7
/usr/local/Cellar/gcc/5.3.0/share/gcc-5.3.0/python
/usr/local/Cellar/octave/4.0.2_2/share/octave/4.0.2/m/miscellaneous/python.m
/usr/local/Cellar/pyqt/4.11.4/lib/python2.7
/usr/local/Cellar/qscintilla2/2.9.2/data/qsci/api/python
/usr/local/Cellar/qscintilla2/2.9.2/data/qsci/api/python/Python-2.4.api
/usr/local/Cellar/qscintilla2/2.9.2/data/qsci/api/python/Python-2.5.api
/usr/local/Cellar/qscintilla2/2.9.2/data/qsci/api/python/Python-2.6.api
/usr/local/Cellar/qscintilla2/2.9.2/data/qsci/api/python/Python-2.7.api
/usr/local/Cellar/qscintilla2/2.9.2/data/qsci/api/python/Python-3.1.api
/usr/local/Cellar/qscintilla2/2.9.2/data/qsci/api/python/Python-3.2.api
/usr/local/Cellar/qscintilla2/2.9.2/data/qsci/api/python/Python-3.3.api
/usr/local/Cellar/qscintilla2/2.9.2/data/qsci/api/python/Python-3.4.api
/usr/local/Cellar/qscintilla2/2.9.2/data/qsci/api/python/Python-3.5.api
/usr/local/Cellar/qscintilla2/2.9.2/lib/python2.7
/usr/local/Cellar/qscintilla2/2.9.2/qsci/api/python
/usr/local/Cellar/sip/4.18/lib/python2.7
/usr/local/lib/python2.7
/usr/local/Library/Homebrew/language/python.rb
/usr/local/Library/Homebrew/requirements/python_requirement.rb
/usr/local/Library/Taps/homebrew/homebrew-core/Formula/python-markdown.rb
/usr/local/Library/Taps/homebrew/homebrew-core/Formula/python.rb
/usr/local/Library/Taps/homebrew/homebrew-core/Formula/python3.rb
/usr/local/share/doc/homebrew/Python-for-Formula-Authors.md
/usr/share/emacs/22.1/lisp/progmodes/python.el.gz
/usr/share/emacs/22.1/lisp/progmodes/python.elc
/usr/share/file/magic/python
/usr/share/man/man1/python.1
/usr/share/man/man1/python2.6.1
/usr/share/man/man1/python2.7.1
/usr/share/man/man1/pythonw.1
/usr/share/man/man1/pythonw2.6.1
/usr/share/man/man1/pythonw2.7.1
/usr/share/vim/vim73/autoload/python3complete.vim
/usr/share/vim/vim73/autoload/pythoncomplete.vim
/usr/share/vim/vim73/ftplugin/python.vim
/usr/share/vim/vim73/indent/python.vim
/usr/share/vim/vim73/syntax/python.vim
